2023-04-26 20:44:55,417 - proceso - DEBUG - Montaje correcto de directorios de trabajo
2023-04-26 20:44:55,433 - proceso - INFO - Se crearon directorios - estructura de archivos no existia
2023-04-26 20:44:55,471 - proceso - DEBUG - Se genero batch de archivos
2023-04-26 20:44:55,471 - proceso - DEBUG - Se genero batch de archivos
2023-04-26 20:44:57,942 - proceso - DEBUG - base_model creado - base_model.trainable=False
2023-04-26 20:44:57,942 - proceso - DEBUG - base_model creado - base_model.trainable=False
2023-04-26 20:44:58,448 - proceso - DEBUG - Modelo generado - optimizer adam
2023-04-26 20:44:58,448 - proceso - DEBUG - Modelo generado - optimizer adam
2023-04-26 20:44:58,531 - proceso - DEBUG - Inicia el entrenamiento del modelo
2023-04-26 20:44:58,531 - proceso - DEBUG - Inicia el entrenamiento del modelo
2023-04-26 20:44:58,531 - proceso - DEBUG - Inicia el entrenamiento del modelo
2023-04-26 20:44:58,541 - proceso - ERROR - El modelo no se pudo entrenar correctamente Asked to retrieve element 0, but the Sequence has length 0
2023-04-26 20:44:58,541 - proceso - ERROR - El modelo no se pudo entrenar correctamente Asked to retrieve element 0, but the Sequence has length 0
2023-04-26 20:44:58,541 - proceso - ERROR - El modelo no se pudo entrenar correctamente Asked to retrieve element 0, but the Sequence has length 0
2023-04-26 23:37:11,506 - proceso - DEBUG - Se genero batch de archivos
2023-04-26 23:37:11,506 - proceso - DEBUG - Se genero batch de archivos
2023-04-26 23:37:14,319 - proceso - DEBUG - base_model creado - base_model.trainable=False
2023-04-26 23:37:14,319 - proceso - DEBUG - base_model creado - base_model.trainable=False
2023-04-26 23:37:14,902 - proceso - DEBUG - Modelo generado - optimizer adam
2023-04-26 23:37:14,902 - proceso - DEBUG - Modelo generado - optimizer adam
2023-04-26 23:37:14,982 - proceso - DEBUG - Inicia el entrenamiento del modelo
2023-04-26 23:37:14,982 - proceso - DEBUG - Inicia el entrenamiento del modelo
2023-04-26 23:37:14,982 - proceso - DEBUG - Inicia el entrenamiento del modelo
2023-04-26 23:37:14,993 - proceso - ERROR - El modelo no se pudo entrenar correctamente Asked to retrieve element 0, but the Sequence has length 0
2023-04-26 23:37:14,993 - proceso - ERROR - El modelo no se pudo entrenar correctamente Asked to retrieve element 0, but the Sequence has length 0
2023-04-26 23:37:14,993 - proceso - ERROR - El modelo no se pudo entrenar correctamente Asked to retrieve element 0, but the Sequence has length 0
2023-04-26 23:56:20,738 - proceso - DEBUG - Se genero batch de archivos
2023-04-26 23:56:20,738 - proceso - DEBUG - Se genero batch de archivos
2023-04-26 23:56:20,738 - proceso - DEBUG - Se genero batch de archivos
2023-04-26 23:56:20,738 - proceso - DEBUG - Se genero batch de archivos
2023-04-26 23:56:20,738 - proceso - DEBUG - Se genero batch de archivos
2023-04-26 23:56:20,738 - proceso - DEBUG - Se genero batch de archivos
2023-04-26 23:56:20,738 - proceso - DEBUG - Se genero batch de archivos
2023-04-26 23:56:20,738 - proceso - DEBUG - Se genero batch de archivos
2023-04-26 23:56:20,738 - proceso - DEBUG - Se genero batch de archivos
2023-04-26 23:56:20,738 - proceso - DEBUG - Se genero batch de archivos
2023-04-26 23:56:22,329 - proceso - DEBUG - base_model creado - base_model.trainable=False
2023-04-26 23:56:22,329 - proceso - DEBUG - base_model creado - base_model.trainable=False
2023-04-26 23:56:22,329 - proceso - DEBUG - base_model creado - base_model.trainable=False
2023-04-26 23:56:22,329 - proceso - DEBUG - base_model creado - base_model.trainable=False
2023-04-26 23:56:22,329 - proceso - DEBUG - base_model creado - base_model.trainable=False
2023-04-26 23:56:22,329 - proceso - DEBUG - base_model creado - base_model.trainable=False
2023-04-26 23:56:22,329 - proceso - DEBUG - base_model creado - base_model.trainable=False
2023-04-26 23:56:22,329 - proceso - DEBUG - base_model creado - base_model.trainable=False
2023-04-26 23:56:22,329 - proceso - DEBUG - base_model creado - base_model.trainable=False
2023-04-26 23:56:22,329 - proceso - DEBUG - base_model creado - base_model.trainable=False
2023-04-26 23:56:22,901 - proceso - DEBUG - Modelo generado - optimizer adam
2023-04-26 23:56:22,901 - proceso - DEBUG - Modelo generado - optimizer adam
2023-04-26 23:56:22,901 - proceso - DEBUG - Modelo generado - optimizer adam
2023-04-26 23:56:22,901 - proceso - DEBUG - Modelo generado - optimizer adam
2023-04-26 23:56:22,901 - proceso - DEBUG - Modelo generado - optimizer adam
2023-04-26 23:56:22,901 - proceso - DEBUG - Modelo generado - optimizer adam
2023-04-26 23:56:22,901 - proceso - DEBUG - Modelo generado - optimizer adam
2023-04-26 23:56:22,901 - proceso - DEBUG - Modelo generado - optimizer adam
2023-04-26 23:56:22,901 - proceso - DEBUG - Modelo generado - optimizer adam
2023-04-26 23:56:22,901 - proceso - DEBUG - Modelo generado - optimizer adam
2023-04-26 23:56:22,989 - proceso - DEBUG - Inicia el entrenamiento del modelo
2023-04-26 23:56:22,989 - proceso - DEBUG - Inicia el entrenamiento del modelo
2023-04-26 23:56:22,989 - proceso - DEBUG - Inicia el entrenamiento del modelo
2023-04-26 23:56:22,989 - proceso - DEBUG - Inicia el entrenamiento del modelo
2023-04-26 23:56:22,989 - proceso - DEBUG - Inicia el entrenamiento del modelo
2023-04-26 23:56:22,989 - proceso - DEBUG - Inicia el entrenamiento del modelo
2023-04-26 23:56:22,989 - proceso - DEBUG - Inicia el entrenamiento del modelo
2023-04-26 23:56:22,989 - proceso - DEBUG - Inicia el entrenamiento del modelo
2023-04-26 23:56:22,989 - proceso - DEBUG - Inicia el entrenamiento del modelo
2023-04-26 23:56:22,989 - proceso - DEBUG - Inicia el entrenamiento del modelo
2023-04-26 23:56:22,989 - proceso - DEBUG - Inicia el entrenamiento del modelo
2023-04-27 00:20:22,492 - proceso - DEBUG - Termina el entrenamiento del modelo
2023-04-27 00:20:22,492 - proceso - DEBUG - Termina el entrenamiento del modelo
2023-04-27 00:20:22,492 - proceso - DEBUG - Termina el entrenamiento del modelo
2023-04-27 00:20:22,492 - proceso - DEBUG - Termina el entrenamiento del modelo
2023-04-27 00:20:22,492 - proceso - DEBUG - Termina el entrenamiento del modelo
2023-04-27 00:20:22,492 - proceso - DEBUG - Termina el entrenamiento del modelo
2023-04-27 00:20:22,492 - proceso - DEBUG - Termina el entrenamiento del modelo
2023-04-27 00:20:22,492 - proceso - DEBUG - Termina el entrenamiento del modelo
2023-04-27 00:20:22,492 - proceso - DEBUG - Termina el entrenamiento del modelo
2023-04-27 00:20:22,492 - proceso - DEBUG - Termina el entrenamiento del modelo
2023-04-27 00:20:22,492 - proceso - DEBUG - Termina el entrenamiento del modelo
2023-04-27 00:20:22,496 - proceso - DEBUG - Inicia proceso de medicion del modelo
2023-04-27 00:20:22,496 - proceso - DEBUG - Inicia proceso de medicion del modelo
2023-04-27 00:20:22,496 - proceso - DEBUG - Inicia proceso de medicion del modelo
2023-04-27 00:20:22,496 - proceso - DEBUG - Inicia proceso de medicion del modelo
2023-04-27 00:20:22,496 - proceso - DEBUG - Inicia proceso de medicion del modelo
2023-04-27 00:20:22,496 - proceso - DEBUG - Inicia proceso de medicion del modelo
2023-04-27 00:20:22,496 - proceso - DEBUG - Inicia proceso de medicion del modelo
2023-04-27 00:20:22,496 - proceso - DEBUG - Inicia proceso de medicion del modelo
2023-04-27 00:20:22,496 - proceso - DEBUG - Inicia proceso de medicion del modelo
2023-04-27 00:20:22,496 - proceso - DEBUG - Inicia proceso de medicion del modelo
2023-04-27 00:20:22,496 - proceso - DEBUG - Inicia proceso de medicion del modelo
2023-04-27 00:21:12,399 - proceso - DEBUG - Archivo de modelo creado correctamente: Main
2023-04-27 00:21:12,399 - proceso - DEBUG - Archivo de modelo creado correctamente: Main
2023-04-27 00:21:12,399 - proceso - DEBUG - Archivo de modelo creado correctamente: Main
2023-04-27 00:21:12,399 - proceso - DEBUG - Archivo de modelo creado correctamente: Main
2023-04-27 00:21:12,399 - proceso - DEBUG - Archivo de modelo creado correctamente: Main
2023-04-27 00:21:12,399 - proceso - DEBUG - Archivo de modelo creado correctamente: Main
2023-04-27 00:21:12,399 - proceso - DEBUG - Archivo de modelo creado correctamente: Main
2023-04-27 00:21:12,399 - proceso - DEBUG - Archivo de modelo creado correctamente: Main
2023-04-27 00:21:12,399 - proceso - DEBUG - Archivo de modelo creado correctamente: Main
2023-04-27 00:21:12,399 - proceso - DEBUG - Archivo de modelo creado correctamente: Main
2023-04-27 00:21:12,399 - proceso - DEBUG - Archivo de modelo creado correctamente: Main
2023-04-27 00:21:12,399 - proceso - DEBUG - Archivo de modelo creado correctamente: Main
2023-04-27 12:18:20,533 - proceso - DEBUG - Se genero batch de archivos
2023-04-27 12:18:20,533 - proceso - DEBUG - Se genero batch de archivos
2023-04-27 12:18:22,715 - proceso - DEBUG - base_model creado - base_model.trainable=False
2023-04-27 12:18:22,715 - proceso - DEBUG - base_model creado - base_model.trainable=False
2023-04-27 12:18:23,268 - proceso - DEBUG - Modelo generado - optimizer adam
2023-04-27 12:18:23,268 - proceso - DEBUG - Modelo generado - optimizer adam
2023-04-27 12:18:23,346 - proceso - DEBUG - Inicia el entrenamiento del modelo
2023-04-27 12:18:23,346 - proceso - DEBUG - Inicia el entrenamiento del modelo
2023-04-27 12:18:23,346 - proceso - DEBUG - Inicia el entrenamiento del modelo
2023-04-27 12:44:07,293 - proceso - DEBUG - Termina el entrenamiento del modelo
2023-04-27 12:44:07,293 - proceso - DEBUG - Termina el entrenamiento del modelo
2023-04-27 12:44:07,293 - proceso - DEBUG - Termina el entrenamiento del modelo
2023-04-27 12:44:07,296 - proceso - DEBUG - Inicia proceso de medicion del modelo
2023-04-27 12:44:07,296 - proceso - DEBUG - Inicia proceso de medicion del modelo
2023-04-27 12:44:07,296 - proceso - DEBUG - Inicia proceso de medicion del modelo
2023-04-27 12:44:54,891 - proceso - DEBUG - Archivo de modelo creado correctamente: Main
2023-04-27 12:44:54,891 - proceso - DEBUG - Archivo de modelo creado correctamente: Main
2023-04-27 12:44:54,891 - proceso - DEBUG - Archivo de modelo creado correctamente: Main
2023-04-27 12:44:54,891 - proceso - DEBUG - Archivo de modelo creado correctamente: Main
2023-04-27 12:45:42,039 - proceso - DEBUG - Archivo de modelo creado correctamente: Modelos/modelo_2023-04-27124455
2023-04-27 12:45:42,039 - proceso - DEBUG - Archivo de modelo creado correctamente: Modelos/modelo_2023-04-27124455
2023-04-27 12:45:42,039 - proceso - DEBUG - Archivo de modelo creado correctamente: Modelos/modelo_2023-04-27124455
2023-04-27 12:45:42,039 - proceso - DEBUG - Archivo de modelo creado correctamente: Modelos/modelo_2023-04-27124455
2023-04-27 12:45:42,039 - proceso - DEBUG - Archivo de modelo creado correctamente: Modelos/modelo_2023-04-27124455
2023-04-27 12:45:42,039 - proceso - DEBUG - Archivo de modelo creado correctamente: Modelos/modelo_2023-04-27124455
2023-04-27 16:32:10,899 - proceso - DEBUG - Se genero batch de archivos
2023-04-27 16:32:10,899 - proceso - DEBUG - Se genero batch de archivos
2023-04-27 16:32:13,182 - proceso - DEBUG - base_model creado - base_model.trainable=False
2023-04-27 16:32:13,182 - proceso - DEBUG - base_model creado - base_model.trainable=False
2023-04-27 16:32:13,940 - proceso - DEBUG - Modelo generado - optimizer adam
2023-04-27 16:32:13,940 - proceso - DEBUG - Modelo generado - optimizer adam
2023-04-27 16:36:18,706 - proceso - DEBUG - Se genero batch de archivos
2023-04-27 16:36:18,706 - proceso - DEBUG - Se genero batch de archivos
2023-04-27 16:36:18,706 - proceso - DEBUG - Se genero batch de archivos
2023-04-27 16:36:18,706 - proceso - DEBUG - Se genero batch de archivos
2023-04-27 16:36:20,349 - proceso - DEBUG - base_model creado - base_model.trainable=False
2023-04-27 16:36:20,349 - proceso - DEBUG - base_model creado - base_model.trainable=False
2023-04-27 16:36:20,349 - proceso - DEBUG - base_model creado - base_model.trainable=False
2023-04-27 16:36:20,349 - proceso - DEBUG - base_model creado - base_model.trainable=False
2023-04-27 16:36:20,930 - proceso - DEBUG - Modelo generado - optimizer adam
2023-04-27 16:36:20,930 - proceso - DEBUG - Modelo generado - optimizer adam
2023-04-27 16:36:20,930 - proceso - DEBUG - Modelo generado - optimizer adam
2023-04-27 16:36:20,930 - proceso - DEBUG - Modelo generado - optimizer adam
2023-04-27 16:48:34,241 - proceso - DEBUG - Se genero batch de archivos
2023-04-27 16:48:34,241 - proceso - DEBUG - Se genero batch de archivos
2023-04-27 16:48:34,241 - proceso - DEBUG - Se genero batch de archivos
2023-04-27 16:48:34,241 - proceso - DEBUG - Se genero batch de archivos
2023-04-27 16:48:34,241 - proceso - DEBUG - Se genero batch de archivos
2023-04-27 16:48:34,241 - proceso - DEBUG - Se genero batch de archivos
2023-04-27 16:48:35,946 - proceso - DEBUG - base_model creado - base_model.trainable=False
2023-04-27 16:48:35,946 - proceso - DEBUG - base_model creado - base_model.trainable=False
2023-04-27 16:48:35,946 - proceso - DEBUG - base_model creado - base_model.trainable=False
2023-04-27 16:48:35,946 - proceso - DEBUG - base_model creado - base_model.trainable=False
2023-04-27 16:48:35,946 - proceso - DEBUG - base_model creado - base_model.trainable=False
2023-04-27 16:48:35,946 - proceso - DEBUG - base_model creado - base_model.trainable=False
2023-04-27 16:48:36,561 - proceso - DEBUG - Modelo generado - optimizer adam
2023-04-27 16:48:36,561 - proceso - DEBUG - Modelo generado - optimizer adam
2023-04-27 16:48:36,561 - proceso - DEBUG - Modelo generado - optimizer adam
2023-04-27 16:48:36,561 - proceso - DEBUG - Modelo generado - optimizer adam
2023-04-27 16:48:36,561 - proceso - DEBUG - Modelo generado - optimizer adam
2023-04-27 16:48:36,561 - proceso - DEBUG - Modelo generado - optimizer adam
2023-04-27 16:48:36,661 - proceso - DEBUG - Inicia el entrenamiento del modelo
2023-04-27 16:48:36,661 - proceso - DEBUG - Inicia el entrenamiento del modelo
2023-04-27 16:48:36,661 - proceso - DEBUG - Inicia el entrenamiento del modelo
2023-04-27 16:48:36,661 - proceso - DEBUG - Inicia el entrenamiento del modelo
2023-04-27 16:48:36,661 - proceso - DEBUG - Inicia el entrenamiento del modelo
2023-04-27 16:48:36,661 - proceso - DEBUG - Inicia el entrenamiento del modelo
2023-04-27 16:48:36,661 - proceso - DEBUG - Inicia el entrenamiento del modelo
2023-04-27 17:17:40,818 - proceso - DEBUG - Termina el entrenamiento del modelo
2023-04-27 17:17:40,818 - proceso - DEBUG - Termina el entrenamiento del modelo
2023-04-27 17:17:40,818 - proceso - DEBUG - Termina el entrenamiento del modelo
2023-04-27 17:17:40,818 - proceso - DEBUG - Termina el entrenamiento del modelo
2023-04-27 17:17:40,818 - proceso - DEBUG - Termina el entrenamiento del modelo
2023-04-27 17:17:40,818 - proceso - DEBUG - Termina el entrenamiento del modelo
2023-04-27 17:17:40,818 - proceso - DEBUG - Termina el entrenamiento del modelo
2023-04-27 17:17:40,822 - proceso - DEBUG - Inicia proceso de medicion del modelo
2023-04-27 17:17:40,822 - proceso - DEBUG - Inicia proceso de medicion del modelo
2023-04-27 17:17:40,822 - proceso - DEBUG - Inicia proceso de medicion del modelo
2023-04-27 17:17:40,822 - proceso - DEBUG - Inicia proceso de medicion del modelo
2023-04-27 17:17:40,822 - proceso - DEBUG - Inicia proceso de medicion del modelo
2023-04-27 17:17:40,822 - proceso - DEBUG - Inicia proceso de medicion del modelo
2023-04-27 17:17:40,822 - proceso - DEBUG - Inicia proceso de medicion del modelo
2023-04-27 17:49:31,486 - proceso - DEBUG - Se genero batch de archivos
2023-04-27 17:49:31,486 - proceso - DEBUG - Se genero batch de archivos
2023-04-27 17:49:33,739 - proceso - DEBUG - base_model creado - base_model.trainable=False
2023-04-27 17:49:33,739 - proceso - DEBUG - base_model creado - base_model.trainable=False
2023-04-27 17:49:34,277 - proceso - DEBUG - Modelo generado - optimizer adam
2023-04-27 17:49:34,277 - proceso - DEBUG - Modelo generado - optimizer adam
2023-04-27 17:49:34,357 - proceso - DEBUG - Inicia el entrenamiento del modelo
2023-04-27 17:49:34,357 - proceso - DEBUG - Inicia el entrenamiento del modelo
2023-04-27 17:49:34,357 - proceso - DEBUG - Inicia el entrenamiento del modelo
2023-04-27 18:16:37,533 - proceso - DEBUG - Termina el entrenamiento del modelo
2023-04-27 18:16:37,533 - proceso - DEBUG - Termina el entrenamiento del modelo
2023-04-27 18:16:37,533 - proceso - DEBUG - Termina el entrenamiento del modelo
2023-04-27 18:16:37,536 - proceso - DEBUG - Inicia proceso de medicion del modelo
2023-04-27 18:16:37,536 - proceso - DEBUG - Inicia proceso de medicion del modelo
2023-04-27 18:16:37,536 - proceso - DEBUG - Inicia proceso de medicion del modelo
2023-04-27 18:40:30,973 - proceso - DEBUG - Se genero batch de archivos
2023-04-27 18:40:30,973 - proceso - DEBUG - Se genero batch de archivos
2023-04-27 18:40:35,242 - proceso - DEBUG - base_model creado - base_model.trainable=False
2023-04-27 18:40:35,242 - proceso - DEBUG - base_model creado - base_model.trainable=False
2023-04-27 18:40:36,063 - proceso - DEBUG - Modelo generado - optimizer adam
2023-04-27 18:40:36,063 - proceso - DEBUG - Modelo generado - optimizer adam
2023-04-27 18:40:36,157 - proceso - DEBUG - Inicia el entrenamiento del modelo
2023-04-27 18:40:36,157 - proceso - DEBUG - Inicia el entrenamiento del modelo
2023-04-27 18:40:36,157 - proceso - DEBUG - Inicia el entrenamiento del modelo
2023-04-27 18:52:49,179 - proceso - DEBUG - Termina el entrenamiento del modelo
2023-04-27 18:52:49,179 - proceso - DEBUG - Termina el entrenamiento del modelo
2023-04-27 18:52:49,179 - proceso - DEBUG - Termina el entrenamiento del modelo
2023-04-27 18:52:49,186 - proceso - DEBUG - Inicia proceso de medicion del modelo
2023-04-27 18:52:49,186 - proceso - DEBUG - Inicia proceso de medicion del modelo
2023-04-27 18:52:49,186 - proceso - DEBUG - Inicia proceso de medicion del modelo
2023-04-27 19:00:44,087 - proceso - DEBUG - Se genero batch de archivos
2023-04-27 19:00:44,087 - proceso - DEBUG - Se genero batch de archivos
2023-04-27 19:00:44,087 - proceso - DEBUG - Se genero batch de archivos
2023-04-27 19:00:44,087 - proceso - DEBUG - Se genero batch de archivos
2023-04-27 19:00:44,087 - proceso - DEBUG - Se genero batch de archivos
2023-04-27 19:00:44,087 - proceso - DEBUG - Se genero batch de archivos
2023-04-27 19:00:45,739 - proceso - DEBUG - base_model creado - base_model.trainable=False
2023-04-27 19:00:45,739 - proceso - DEBUG - base_model creado - base_model.trainable=False
2023-04-27 19:00:45,739 - proceso - DEBUG - base_model creado - base_model.trainable=False
2023-04-27 19:00:45,739 - proceso - DEBUG - base_model creado - base_model.trainable=False
2023-04-27 19:00:45,739 - proceso - DEBUG - base_model creado - base_model.trainable=False
2023-04-27 19:00:45,739 - proceso - DEBUG - base_model creado - base_model.trainable=False
2023-04-27 19:00:46,365 - proceso - DEBUG - Modelo generado - optimizer adam
2023-04-27 19:00:46,365 - proceso - DEBUG - Modelo generado - optimizer adam
2023-04-27 19:00:46,365 - proceso - DEBUG - Modelo generado - optimizer adam
2023-04-27 19:00:46,365 - proceso - DEBUG - Modelo generado - optimizer adam
2023-04-27 19:00:46,365 - proceso - DEBUG - Modelo generado - optimizer adam
2023-04-27 19:00:46,365 - proceso - DEBUG - Modelo generado - optimizer adam
2023-04-27 19:00:46,467 - proceso - DEBUG - Inicia el entrenamiento del modelo
2023-04-27 19:00:46,467 - proceso - DEBUG - Inicia el entrenamiento del modelo
2023-04-27 19:00:46,467 - proceso - DEBUG - Inicia el entrenamiento del modelo
2023-04-27 19:00:46,467 - proceso - DEBUG - Inicia el entrenamiento del modelo
2023-04-27 19:00:46,467 - proceso - DEBUG - Inicia el entrenamiento del modelo
2023-04-27 19:00:46,467 - proceso - DEBUG - Inicia el entrenamiento del modelo
2023-04-27 19:00:46,467 - proceso - DEBUG - Inicia el entrenamiento del modelo
2023-04-27 19:12:42,614 - proceso - DEBUG - Termina el entrenamiento del modelo
2023-04-27 19:12:42,614 - proceso - DEBUG - Termina el entrenamiento del modelo
2023-04-27 19:12:42,614 - proceso - DEBUG - Termina el entrenamiento del modelo
2023-04-27 19:12:42,614 - proceso - DEBUG - Termina el entrenamiento del modelo
2023-04-27 19:12:42,614 - proceso - DEBUG - Termina el entrenamiento del modelo
2023-04-27 19:12:42,614 - proceso - DEBUG - Termina el entrenamiento del modelo
2023-04-27 19:12:42,614 - proceso - DEBUG - Termina el entrenamiento del modelo
2023-04-27 19:12:42,618 - proceso - DEBUG - Inicia proceso de medicion del modelo
2023-04-27 19:12:42,618 - proceso - DEBUG - Inicia proceso de medicion del modelo
2023-04-27 19:12:42,618 - proceso - DEBUG - Inicia proceso de medicion del modelo
2023-04-27 19:12:42,618 - proceso - DEBUG - Inicia proceso de medicion del modelo
2023-04-27 19:12:42,618 - proceso - DEBUG - Inicia proceso de medicion del modelo
2023-04-27 19:12:42,618 - proceso - DEBUG - Inicia proceso de medicion del modelo
2023-04-27 19:12:42,618 - proceso - DEBUG - Inicia proceso de medicion del modelo
2023-04-27 19:13:33,416 - proceso - DEBUG - Archivo de modelo creado correctamente: Modelos/Main
2023-04-27 19:13:33,416 - proceso - DEBUG - Archivo de modelo creado correctamente: Modelos/Main
2023-04-27 19:13:33,416 - proceso - DEBUG - Archivo de modelo creado correctamente: Modelos/Main
2023-04-27 19:13:33,416 - proceso - DEBUG - Archivo de modelo creado correctamente: Modelos/Main
2023-04-27 19:13:33,416 - proceso - DEBUG - Archivo de modelo creado correctamente: Modelos/Main
2023-04-27 19:13:33,416 - proceso - DEBUG - Archivo de modelo creado correctamente: Modelos/Main
2023-04-27 19:13:33,416 - proceso - DEBUG - Archivo de modelo creado correctamente: Modelos/Main
2023-04-27 19:13:33,416 - proceso - DEBUG - Archivo de modelo creado correctamente: Modelos/Main
2023-04-27 19:16:09,133 - proceso - DEBUG - Archivo de modelo creado correctamente: Modelos/modelo_2023-04-27191516
2023-04-27 19:16:09,133 - proceso - DEBUG - Archivo de modelo creado correctamente: Modelos/modelo_2023-04-27191516
2023-04-27 19:16:09,133 - proceso - DEBUG - Archivo de modelo creado correctamente: Modelos/modelo_2023-04-27191516
2023-04-27 19:16:09,133 - proceso - DEBUG - Archivo de modelo creado correctamente: Modelos/modelo_2023-04-27191516
2023-04-27 19:16:09,133 - proceso - DEBUG - Archivo de modelo creado correctamente: Modelos/modelo_2023-04-27191516
2023-04-27 19:16:09,133 - proceso - DEBUG - Archivo de modelo creado correctamente: Modelos/modelo_2023-04-27191516
2023-04-27 19:16:09,133 - proceso - DEBUG - Archivo de modelo creado correctamente: Modelos/modelo_2023-04-27191516
2023-04-27 19:16:09,133 - proceso - DEBUG - Archivo de modelo creado correctamente: Modelos/modelo_2023-04-27191516
2023-04-27 19:16:09,133 - proceso - DEBUG - Archivo de modelo creado correctamente: Modelos/modelo_2023-04-27191516
2023-04-27 19:16:09,133 - proceso - DEBUG - Archivo de modelo creado correctamente: Modelos/modelo_2023-04-27191516
2023-04-27 19:16:09,133 - proceso - DEBUG - Archivo de modelo creado correctamente: Modelos/modelo_2023-04-27191516
2023-04-27 19:41:28,736 - proceso - DEBUG - Archivo de modelo creado correctamente: Modelos/modelo_2023-04-27194035
2023-04-27 19:41:28,736 - proceso - DEBUG - Archivo de modelo creado correctamente: Modelos/modelo_2023-04-27194035
2023-04-27 19:41:28,736 - proceso - DEBUG - Archivo de modelo creado correctamente: Modelos/modelo_2023-04-27194035
2023-04-27 19:41:28,736 - proceso - DEBUG - Archivo de modelo creado correctamente: Modelos/modelo_2023-04-27194035
2023-04-27 19:41:28,736 - proceso - DEBUG - Archivo de modelo creado correctamente: Modelos/modelo_2023-04-27194035
2023-04-27 19:41:28,736 - proceso - DEBUG - Archivo de modelo creado correctamente: Modelos/modelo_2023-04-27194035
2023-04-27 19:41:28,736 - proceso - DEBUG - Archivo de modelo creado correctamente: Modelos/modelo_2023-04-27194035
2023-04-27 19:41:28,736 - proceso - DEBUG - Archivo de modelo creado correctamente: Modelos/modelo_2023-04-27194035
2023-04-27 19:41:28,736 - proceso - DEBUG - Archivo de modelo creado correctamente: Modelos/modelo_2023-04-27194035
2023-04-27 19:41:28,736 - proceso - DEBUG - Archivo de modelo creado correctamente: Modelos/modelo_2023-04-27194035
2023-04-27 19:41:28,736 - proceso - DEBUG - Archivo de modelo creado correctamente: Modelos/modelo_2023-04-27194035
2023-04-27 19:41:28,736 - proceso - DEBUG - Archivo de modelo creado correctamente: Modelos/modelo_2023-04-27194035
2023-04-27 19:41:28,736 - proceso - DEBUG - Archivo de modelo creado correctamente: Modelos/modelo_2023-04-27194035
2023-04-27 22:48:20,307 - proceso - DEBUG - Se genero batch de archivos
2023-04-27 22:48:20,307 - proceso - DEBUG - Se genero batch de archivos
2023-04-27 22:48:23,402 - proceso - DEBUG - base_model creado - base_model.trainable=False
2023-04-27 22:48:23,402 - proceso - DEBUG - base_model creado - base_model.trainable=False
2023-04-27 22:48:24,064 - proceso - DEBUG - Modelo generado - optimizer adam
2023-04-27 22:48:24,064 - proceso - DEBUG - Modelo generado - optimizer adam
2023-04-27 22:48:24,149 - proceso - DEBUG - Inicia el entrenamiento del modelo
2023-04-27 22:48:24,149 - proceso - DEBUG - Inicia el entrenamiento del modelo
2023-04-27 22:48:24,149 - proceso - DEBUG - Inicia el entrenamiento del modelo
2023-04-27 23:00:48,047 - proceso - DEBUG - Termina el entrenamiento del modelo
2023-04-27 23:00:48,047 - proceso - DEBUG - Termina el entrenamiento del modelo
2023-04-27 23:00:48,047 - proceso - DEBUG - Termina el entrenamiento del modelo
2023-04-27 23:00:48,050 - proceso - DEBUG - Inicia proceso de medicion del modelo
2023-04-27 23:00:48,050 - proceso - DEBUG - Inicia proceso de medicion del modelo
2023-04-27 23:00:48,050 - proceso - DEBUG - Inicia proceso de medicion del modelo
2023-04-27 23:01:16,792 - proceso - DEBUG - Archivo de modelo creado correctamente: Modelos/Main
2023-04-27 23:01:16,792 - proceso - DEBUG - Archivo de modelo creado correctamente: Modelos/Main
2023-04-27 23:01:16,792 - proceso - DEBUG - Archivo de modelo creado correctamente: Modelos/Main
2023-04-27 23:01:16,792 - proceso - DEBUG - Archivo de modelo creado correctamente: Modelos/Main
2023-04-28 18:33:07,716 - proceso - ERROR - TEST DE TESTING proceso
2023-04-28 18:33:07,716 - proceso - ERROR - TEST DE TESTING proceso
2023-04-28 18:38:21,254 - proceso - ERROR - TEST DE TESTING proceso
2023-04-28 18:38:21,254 - proceso - ERROR - TEST DE TESTING proceso
2023-04-28 18:39:08,927 - proceso - ERROR - TEST DE TESTING proceso
2023-04-28 18:39:08,927 - proceso - ERROR - TEST DE TESTING proceso
2023-04-28 18:39:42,260 - proceso - ERROR - TEST DE TESTING proceso
2023-04-28 18:39:42,260 - proceso - ERROR - TEST DE TESTING proceso
2023-04-28 18:40:13,842 - proceso - ERROR - TEST DE TESTING proceso
2023-04-28 18:40:13,842 - proceso - ERROR - TEST DE TESTING proceso
2023-04-28 18:41:12,145 - proceso - ERROR - TEST DE TESTING proceso
2023-04-28 18:41:12,145 - proceso - ERROR - TEST DE TESTING proceso
2023-04-28 18:41:37,393 - proceso - ERROR - TEST DE TESTING proceso
2023-04-28 18:41:37,393 - proceso - ERROR - TEST DE TESTING proceso
2023-04-28 18:42:18,642 - proceso - ERROR - TEST DE TESTING proceso
2023-04-28 18:42:18,642 - proceso - ERROR - TEST DE TESTING proceso
2023-04-28 18:42:58,011 - proceso - ERROR - TEST DE TESTING proceso
2023-04-28 18:42:58,011 - proceso - ERROR - TEST DE TESTING proceso
2023-04-28 18:44:23,209 - proceso - ERROR - TEST DE TESTING proceso
2023-04-28 18:44:23,209 - proceso - ERROR - TEST DE TESTING proceso
2023-04-28 18:44:43,333 - proceso - ERROR - TEST DE TESTING proceso
2023-04-28 18:44:43,333 - proceso - ERROR - TEST DE TESTING proceso
2023-04-28 18:46:12,528 - proceso - ERROR - TEST DE TESTING resultado
2023-04-28 18:46:12,584 - proceso - ERROR - TEST DE TESTING proceso
2023-04-28 18:46:12,584 - proceso - ERROR - TEST DE TESTING proceso
2023-04-28 18:48:42,759 - proceso - ERROR - TEST DE TESTING resultado
2023-04-28 19:03:02,184 - proceso - ERROR - TEST DE TESTING resultado
2023-04-28 19:03:27,398 - proceso - ERROR - TEST DE TESTING resultado
2023-04-28 19:21:29,365 - proceso - ERROR - TEST DE TESTING resultado
2023-04-28 19:23:24,209 - proceso - ERROR - TEST DE TESTING resultado
2023-04-28 19:50:20,062 - proceso - DEBUG - Se genero batch de archivos
2023-04-28 19:50:20,062 - proceso - DEBUG - Se genero batch de archivos
2023-04-28 19:50:24,111 - proceso - DEBUG - base_model creado - base_model.trainable=False
2023-04-28 19:50:24,111 - proceso - DEBUG - base_model creado - base_model.trainable=False
2023-04-28 19:50:24,596 - proceso - DEBUG - Modelo generado - optimizer adam
2023-04-28 19:50:24,596 - proceso - DEBUG - Modelo generado - optimizer adam
2023-04-28 19:50:24,669 - proceso - DEBUG - Inicia el entrenamiento del modelo
2023-04-28 19:50:24,669 - proceso - DEBUG - Inicia el entrenamiento del modelo
2023-04-28 19:50:24,669 - proceso - DEBUG - Inicia el entrenamiento del modelo
2023-04-28 20:02:33,416 - proceso - DEBUG - Termina el entrenamiento del modelo
2023-04-28 20:02:33,416 - proceso - DEBUG - Termina el entrenamiento del modelo
2023-04-28 20:02:33,416 - proceso - DEBUG - Termina el entrenamiento del modelo
2023-04-28 20:02:33,421 - proceso - DEBUG - Inicia proceso de medicion del modelo
2023-04-28 20:02:33,421 - proceso - DEBUG - Inicia proceso de medicion del modelo
2023-04-28 20:02:33,421 - proceso - DEBUG - Inicia proceso de medicion del modelo
2023-04-28 20:03:02,212 - proceso - DEBUG - Archivo de modelo creado correctamente: Modelos/Main
2023-04-28 20:03:02,212 - proceso - DEBUG - Archivo de modelo creado correctamente: Modelos/Main
2023-04-28 20:03:02,212 - proceso - DEBUG - Archivo de modelo creado correctamente: Modelos/Main
2023-04-28 20:03:02,212 - proceso - DEBUG - Archivo de modelo creado correctamente: Modelos/Main
2023-05-03 17:27:56,598 - proceso - DEBUG - Se genero batch de archivos
2023-05-03 17:27:56,598 - proceso - DEBUG - Se genero batch de archivos
2023-05-03 17:27:59,178 - proceso - DEBUG - base_model creado - base_model.trainable=False
2023-05-03 17:27:59,178 - proceso - DEBUG - base_model creado - base_model.trainable=False
2023-05-03 17:27:59,730 - proceso - DEBUG - Modelo generado - optimizer adam
2023-05-03 17:27:59,730 - proceso - DEBUG - Modelo generado - optimizer adam
2023-05-03 17:27:59,804 - proceso - DEBUG - Inicia el entrenamiento del modelo
2023-05-03 17:27:59,804 - proceso - DEBUG - Inicia el entrenamiento del modelo
2023-05-03 17:27:59,804 - proceso - DEBUG - Inicia el entrenamiento del modelo
2023-05-03 17:39:40,902 - proceso - DEBUG - Termina el entrenamiento del modelo
2023-05-03 17:39:40,902 - proceso - DEBUG - Termina el entrenamiento del modelo
2023-05-03 17:39:40,902 - proceso - DEBUG - Termina el entrenamiento del modelo
2023-05-03 17:39:40,906 - proceso - DEBUG - Inicia proceso de medicion del modelo
2023-05-03 17:39:40,906 - proceso - DEBUG - Inicia proceso de medicion del modelo
2023-05-03 17:39:40,906 - proceso - DEBUG - Inicia proceso de medicion del modelo
2023-05-03 17:40:09,770 - proceso - DEBUG - Archivo de modelo creado correctamente: Modelos/Main
2023-05-03 17:40:09,770 - proceso - DEBUG - Archivo de modelo creado correctamente: Modelos/Main
2023-05-03 17:40:09,770 - proceso - DEBUG - Archivo de modelo creado correctamente: Modelos/Main
2023-05-03 17:40:09,770 - proceso - DEBUG - Archivo de modelo creado correctamente: Modelos/Main
2023-05-03 18:18:20,217 - proceso - ERROR - TEST DE TESTING resultado
2023-05-03 18:42:47,541 - proceso - ERROR - TEST DE TESTING resultado
2023-05-03 18:46:29,441 - proceso - ERROR - TEST DE TESTING resultado
2023-05-03 18:51:35,165 - proceso - ERROR - TEST DE TESTING resultado
2023-05-03 18:51:41,512 - proceso - ERROR - El modelo utilizado no es valido, es tipo: <class 'str'>
2023-05-03 18:51:41,512 - proceso - ERROR - El modelo utilizado no es valido, es tipo: <class 'str'>
2023-05-03 18:51:41,512 - proceso - ERROR - El modelo utilizado no es valido, es tipo: <class 'str'>
2023-05-03 18:52:33,877 - proceso - ERROR - TEST DE TESTING resultado
2023-05-03 18:52:38,979 - proceso - ERROR - El modelo utilizado no es valido, es tipo: <class 'str'>
2023-05-03 18:52:38,979 - proceso - ERROR - El modelo utilizado no es valido, es tipo: <class 'str'>
2023-05-03 18:52:38,979 - proceso - ERROR - El modelo utilizado no es valido, es tipo: <class 'str'>
2023-05-03 18:53:30,583 - proceso - ERROR - TEST DE TESTING resultado
2023-05-03 18:53:36,704 - proceso - ERROR - El modelo utilizado no es valido, es tipo: <class 'str'>
2023-05-03 18:53:36,704 - proceso - ERROR - El modelo utilizado no es valido, es tipo: <class 'str'>
2023-05-03 18:53:36,704 - proceso - ERROR - El modelo utilizado no es valido, es tipo: <class 'str'>
2023-05-03 18:56:11,422 - proceso - ERROR - TEST DE TESTING resultado
2023-05-03 18:56:16,187 - proceso - ERROR - El modelo utilizado no es valido, es tipo: <class 'str'>
2023-05-03 18:56:16,187 - proceso - ERROR - El modelo utilizado no es valido, es tipo: <class 'str'>
2023-05-03 18:56:16,187 - proceso - ERROR - El modelo utilizado no es valido, es tipo: <class 'str'>
2023-05-03 19:12:21,308 - proceso - ERROR - TEST DE TESTING resultado
2023-05-03 19:12:26,104 - proceso - ERROR - El modelo utilizado no es valido, es tipo: <class 'str'>
2023-05-03 19:12:26,104 - proceso - ERROR - El modelo utilizado no es valido, es tipo: <class 'str'>
2023-05-03 19:12:26,104 - proceso - ERROR - El modelo utilizado no es valido, es tipo: <class 'str'>
2023-05-03 19:52:12,044 - proceso - DEBUG - Se genero batch de archivos
2023-05-03 19:52:12,044 - proceso - DEBUG - Se genero batch de archivos
2023-05-03 19:52:15,170 - proceso - DEBUG - base_model creado - base_model.trainable=False
2023-05-03 19:52:15,170 - proceso - DEBUG - base_model creado - base_model.trainable=False
2023-05-03 19:52:15,851 - proceso - DEBUG - Modelo generado - optimizer adam
2023-05-03 19:52:15,851 - proceso - DEBUG - Modelo generado - optimizer adam
2023-05-03 20:01:58,537 - proceso - DEBUG - Se genero batch de archivos
2023-05-03 20:01:58,537 - proceso - DEBUG - Se genero batch de archivos
2023-05-03 20:02:01,042 - proceso - DEBUG - base_model creado - base_model.trainable=False
2023-05-03 20:02:01,042 - proceso - DEBUG - base_model creado - base_model.trainable=False
2023-05-03 20:02:02,131 - proceso - DEBUG - Modelo generado - optimizer adam
2023-05-03 20:02:02,131 - proceso - DEBUG - Modelo generado - optimizer adam
2023-05-03 20:02:02,998 - proceso - DEBUG - Inicia el entrenamiento del modelo
2023-05-03 20:02:02,998 - proceso - DEBUG - Inicia el entrenamiento del modelo
2023-05-03 20:02:02,998 - proceso - DEBUG - Inicia el entrenamiento del modelo
2023-05-03 20:02:02,999 - proceso - ERROR - El modelo utilizado no es valido, es tipo: <class 'keras.engine.sequential.Sequential'>
2023-05-03 20:02:02,999 - proceso - ERROR - El modelo utilizado no es valido, es tipo: <class 'keras.engine.sequential.Sequential'>
2023-05-03 20:02:02,999 - proceso - ERROR - El modelo utilizado no es valido, es tipo: <class 'keras.engine.sequential.Sequential'>
2023-05-04 15:17:07,388 - proceso - DEBUG - Se genero batch de archivos
2023-05-04 15:17:07,388 - proceso - DEBUG - Se genero batch de archivos
2023-05-04 15:17:10,490 - proceso - DEBUG - base_model creado - base_model.trainable=False
2023-05-04 15:17:10,490 - proceso - DEBUG - base_model creado - base_model.trainable=False
2023-05-04 15:17:11,029 - proceso - DEBUG - Modelo generado - optimizer adam
2023-05-04 15:17:11,029 - proceso - DEBUG - Modelo generado - optimizer adam
2023-05-04 15:17:11,652 - proceso - DEBUG - Inicia el entrenamiento del modelo
2023-05-04 15:17:11,652 - proceso - DEBUG - Inicia el entrenamiento del modelo
2023-05-04 15:17:11,652 - proceso - DEBUG - Inicia el entrenamiento del modelo
2023-05-04 15:17:11,659 - proceso - ERROR - El modelo utilizado no es valido, es tipo: <class 'keras.engine.sequential.Sequential'>
2023-05-04 15:17:11,659 - proceso - ERROR - El modelo utilizado no es valido, es tipo: <class 'keras.engine.sequential.Sequential'>
2023-05-04 15:17:11,659 - proceso - ERROR - El modelo utilizado no es valido, es tipo: <class 'keras.engine.sequential.Sequential'>
2023-05-04 15:37:17,654 - proceso - DEBUG - Se genero batch de archivos
2023-05-04 15:37:17,654 - proceso - DEBUG - Se genero batch de archivos
2023-05-04 15:37:20,459 - proceso - DEBUG - base_model creado - base_model.trainable=False
2023-05-04 15:37:20,459 - proceso - DEBUG - base_model creado - base_model.trainable=False
2023-05-04 15:37:21,011 - proceso - DEBUG - Modelo generado - optimizer adam
2023-05-04 15:37:21,011 - proceso - DEBUG - Modelo generado - optimizer adam
2023-05-04 15:37:21,085 - proceso - DEBUG - Inicia el entrenamiento del modelo
2023-05-04 15:37:21,085 - proceso - DEBUG - Inicia el entrenamiento del modelo
2023-05-04 15:37:21,085 - proceso - DEBUG - Inicia el entrenamiento del modelo
2023-05-04 15:37:21,090 - proceso - ERROR - El modelo utilizado no es valido, es tipo: <class 'keras.engine.sequential.Sequential'>
2023-05-04 15:37:21,090 - proceso - ERROR - El modelo utilizado no es valido, es tipo: <class 'keras.engine.sequential.Sequential'>
2023-05-04 15:37:21,090 - proceso - ERROR - El modelo utilizado no es valido, es tipo: <class 'keras.engine.sequential.Sequential'>
2023-05-04 15:52:25,021 - proceso - DEBUG - Se genero batch de archivos
2023-05-04 15:52:25,021 - proceso - DEBUG - Se genero batch de archivos
2023-05-04 15:52:27,544 - proceso - DEBUG - base_model creado - base_model.trainable=False
2023-05-04 15:52:27,544 - proceso - DEBUG - base_model creado - base_model.trainable=False
2023-05-04 15:52:28,099 - proceso - DEBUG - Modelo generado - optimizer adam
2023-05-04 15:52:28,099 - proceso - DEBUG - Modelo generado - optimizer adam
2023-05-04 15:52:28,180 - proceso - DEBUG - Inicia el entrenamiento del modelo
2023-05-04 15:52:28,180 - proceso - DEBUG - Inicia el entrenamiento del modelo
2023-05-04 15:52:28,180 - proceso - DEBUG - Inicia el entrenamiento del modelo
2023-05-04 15:52:28,186 - proceso - ERROR - El modelo utilizado no es valido, es tipo: <class 'keras.engine.sequential.Sequential'>
2023-05-04 15:52:28,186 - proceso - ERROR - El modelo utilizado no es valido, es tipo: <class 'keras.engine.sequential.Sequential'>
2023-05-04 15:52:28,186 - proceso - ERROR - El modelo utilizado no es valido, es tipo: <class 'keras.engine.sequential.Sequential'>
2023-05-04 15:57:25,182 - proceso - DEBUG - Se genero batch de archivos
2023-05-04 15:57:25,182 - proceso - DEBUG - Se genero batch de archivos
2023-05-04 15:57:25,182 - proceso - DEBUG - Se genero batch de archivos
2023-05-04 15:57:25,182 - proceso - DEBUG - Se genero batch de archivos
2023-05-04 15:57:25,182 - proceso - DEBUG - Se genero batch de archivos
2023-05-04 15:57:26,954 - proceso - DEBUG - base_model creado - base_model.trainable=False
2023-05-04 15:57:26,954 - proceso - DEBUG - base_model creado - base_model.trainable=False
2023-05-04 15:57:26,954 - proceso - DEBUG - base_model creado - base_model.trainable=False
2023-05-04 15:57:26,954 - proceso - DEBUG - base_model creado - base_model.trainable=False
2023-05-04 15:57:26,954 - proceso - DEBUG - base_model creado - base_model.trainable=False
2023-05-04 15:57:27,512 - proceso - DEBUG - Modelo generado - optimizer adam
2023-05-04 15:57:27,512 - proceso - DEBUG - Modelo generado - optimizer adam
2023-05-04 15:57:27,512 - proceso - DEBUG - Modelo generado - optimizer adam
2023-05-04 15:57:27,512 - proceso - DEBUG - Modelo generado - optimizer adam
2023-05-04 15:57:27,512 - proceso - DEBUG - Modelo generado - optimizer adam
2023-05-04 15:57:27,604 - proceso - DEBUG - Inicia el entrenamiento del modelo
2023-05-04 15:57:27,604 - proceso - DEBUG - Inicia el entrenamiento del modelo
2023-05-04 15:57:27,604 - proceso - DEBUG - Inicia el entrenamiento del modelo
2023-05-04 15:57:27,604 - proceso - DEBUG - Inicia el entrenamiento del modelo
2023-05-04 15:57:27,604 - proceso - DEBUG - Inicia el entrenamiento del modelo
2023-05-04 15:57:27,604 - proceso - DEBUG - Inicia el entrenamiento del modelo
2023-05-04 15:57:27,610 - proceso - ERROR - El modelo utilizado no es valido, es tipo: <class 'keras.engine.sequential.Sequential'>
2023-05-04 15:57:27,610 - proceso - ERROR - El modelo utilizado no es valido, es tipo: <class 'keras.engine.sequential.Sequential'>
2023-05-04 15:57:27,610 - proceso - ERROR - El modelo utilizado no es valido, es tipo: <class 'keras.engine.sequential.Sequential'>
2023-05-04 15:57:27,610 - proceso - ERROR - El modelo utilizado no es valido, es tipo: <class 'keras.engine.sequential.Sequential'>
2023-05-04 15:57:27,610 - proceso - ERROR - El modelo utilizado no es valido, es tipo: <class 'keras.engine.sequential.Sequential'>
2023-05-04 15:57:27,610 - proceso - ERROR - El modelo utilizado no es valido, es tipo: <class 'keras.engine.sequential.Sequential'>
2023-05-04 17:32:35,823 - proceso - DEBUG - Se genero batch de archivos
2023-05-04 17:32:35,823 - proceso - DEBUG - Se genero batch de archivos
2023-05-04 17:32:35,823 - proceso - DEBUG - Se genero batch de archivos
2023-05-04 17:32:35,823 - proceso - DEBUG - Se genero batch de archivos
2023-05-04 17:32:35,823 - proceso - DEBUG - Se genero batch de archivos
2023-05-04 17:32:35,823 - proceso - DEBUG - Se genero batch de archivos
2023-05-04 17:32:35,823 - proceso - DEBUG - Se genero batch de archivos
2023-05-04 17:32:35,823 - proceso - DEBUG - Se genero batch de archivos
2023-05-04 17:32:38,317 - proceso - DEBUG - base_model creado - base_model.trainable=False
2023-05-04 17:32:38,317 - proceso - DEBUG - base_model creado - base_model.trainable=False
2023-05-04 17:32:38,317 - proceso - DEBUG - base_model creado - base_model.trainable=False
2023-05-04 17:32:38,317 - proceso - DEBUG - base_model creado - base_model.trainable=False
2023-05-04 17:32:38,317 - proceso - DEBUG - base_model creado - base_model.trainable=False
2023-05-04 17:32:38,317 - proceso - DEBUG - base_model creado - base_model.trainable=False
2023-05-04 17:32:38,317 - proceso - DEBUG - base_model creado - base_model.trainable=False
2023-05-04 17:32:38,317 - proceso - DEBUG - base_model creado - base_model.trainable=False
2023-05-04 17:32:38,962 - proceso - DEBUG - Modelo generado - optimizer adam
2023-05-04 17:32:38,962 - proceso - DEBUG - Modelo generado - optimizer adam
2023-05-04 17:32:38,962 - proceso - DEBUG - Modelo generado - optimizer adam
2023-05-04 17:32:38,962 - proceso - DEBUG - Modelo generado - optimizer adam
2023-05-04 17:32:38,962 - proceso - DEBUG - Modelo generado - optimizer adam
2023-05-04 17:32:38,962 - proceso - DEBUG - Modelo generado - optimizer adam
2023-05-04 17:32:38,962 - proceso - DEBUG - Modelo generado - optimizer adam
2023-05-04 17:32:38,962 - proceso - DEBUG - Modelo generado - optimizer adam
2023-05-04 17:32:39,066 - proceso - DEBUG - Inicia el entrenamiento del modelo
2023-05-04 17:32:39,066 - proceso - DEBUG - Inicia el entrenamiento del modelo
2023-05-04 17:32:39,066 - proceso - DEBUG - Inicia el entrenamiento del modelo
2023-05-04 17:32:39,066 - proceso - DEBUG - Inicia el entrenamiento del modelo
2023-05-04 17:32:39,066 - proceso - DEBUG - Inicia el entrenamiento del modelo
2023-05-04 17:32:39,066 - proceso - DEBUG - Inicia el entrenamiento del modelo
2023-05-04 17:32:39,066 - proceso - DEBUG - Inicia el entrenamiento del modelo
2023-05-04 17:32:39,066 - proceso - DEBUG - Inicia el entrenamiento del modelo
2023-05-04 17:32:39,066 - proceso - DEBUG - Inicia el entrenamiento del modelo
2023-05-04 17:32:39,077 - proceso - ERROR - El modelo utilizado no es valido, es tipo: <class 'keras.engine.sequential.Sequential'>
2023-05-04 17:32:39,077 - proceso - ERROR - El modelo utilizado no es valido, es tipo: <class 'keras.engine.sequential.Sequential'>
2023-05-04 17:32:39,077 - proceso - ERROR - El modelo utilizado no es valido, es tipo: <class 'keras.engine.sequential.Sequential'>
2023-05-04 17:32:39,077 - proceso - ERROR - El modelo utilizado no es valido, es tipo: <class 'keras.engine.sequential.Sequential'>
2023-05-04 17:32:39,077 - proceso - ERROR - El modelo utilizado no es valido, es tipo: <class 'keras.engine.sequential.Sequential'>
2023-05-04 17:32:39,077 - proceso - ERROR - El modelo utilizado no es valido, es tipo: <class 'keras.engine.sequential.Sequential'>
2023-05-04 17:32:39,077 - proceso - ERROR - El modelo utilizado no es valido, es tipo: <class 'keras.engine.sequential.Sequential'>
2023-05-04 17:32:39,077 - proceso - ERROR - El modelo utilizado no es valido, es tipo: <class 'keras.engine.sequential.Sequential'>
2023-05-04 17:32:39,077 - proceso - ERROR - El modelo utilizado no es valido, es tipo: <class 'keras.engine.sequential.Sequential'>
2023-05-04 17:34:19,541 - proceso - DEBUG - Se genero batch de archivos
2023-05-04 17:34:19,541 - proceso - DEBUG - Se genero batch de archivos
2023-05-04 17:34:19,541 - proceso - DEBUG - Se genero batch de archivos
2023-05-04 17:34:19,541 - proceso - DEBUG - Se genero batch de archivos
2023-05-04 17:34:19,541 - proceso - DEBUG - Se genero batch de archivos
2023-05-04 17:34:19,541 - proceso - DEBUG - Se genero batch de archivos
2023-05-04 17:34:19,541 - proceso - DEBUG - Se genero batch de archivos
2023-05-04 17:34:19,541 - proceso - DEBUG - Se genero batch de archivos
2023-05-04 17:34:19,541 - proceso - DEBUG - Se genero batch de archivos
2023-05-04 17:34:19,541 - proceso - DEBUG - Se genero batch de archivos
2023-05-04 17:34:19,541 - proceso - DEBUG - Se genero batch de archivos
2023-05-04 17:34:21,164 - proceso - DEBUG - base_model creado - base_model.trainable=False
2023-05-04 17:34:21,164 - proceso - DEBUG - base_model creado - base_model.trainable=False
2023-05-04 17:34:21,164 - proceso - DEBUG - base_model creado - base_model.trainable=False
2023-05-04 17:34:21,164 - proceso - DEBUG - base_model creado - base_model.trainable=False
2023-05-04 17:34:21,164 - proceso - DEBUG - base_model creado - base_model.trainable=False
2023-05-04 17:34:21,164 - proceso - DEBUG - base_model creado - base_model.trainable=False
2023-05-04 17:34:21,164 - proceso - DEBUG - base_model creado - base_model.trainable=False
2023-05-04 17:34:21,164 - proceso - DEBUG - base_model creado - base_model.trainable=False
2023-05-04 17:34:21,164 - proceso - DEBUG - base_model creado - base_model.trainable=False
2023-05-04 17:34:21,164 - proceso - DEBUG - base_model creado - base_model.trainable=False
2023-05-04 17:34:21,164 - proceso - DEBUG - base_model creado - base_model.trainable=False
2023-05-04 17:34:22,454 - proceso - DEBUG - Modelo generado - optimizer adam
2023-05-04 17:34:22,454 - proceso - DEBUG - Modelo generado - optimizer adam
2023-05-04 17:34:22,454 - proceso - DEBUG - Modelo generado - optimizer adam
2023-05-04 17:34:22,454 - proceso - DEBUG - Modelo generado - optimizer adam
2023-05-04 17:34:22,454 - proceso - DEBUG - Modelo generado - optimizer adam
2023-05-04 17:34:22,454 - proceso - DEBUG - Modelo generado - optimizer adam
2023-05-04 17:34:22,454 - proceso - DEBUG - Modelo generado - optimizer adam
2023-05-04 17:34:22,454 - proceso - DEBUG - Modelo generado - optimizer adam
2023-05-04 17:34:22,454 - proceso - DEBUG - Modelo generado - optimizer adam
2023-05-04 17:34:22,454 - proceso - DEBUG - Modelo generado - optimizer adam
2023-05-04 17:34:22,454 - proceso - DEBUG - Modelo generado - optimizer adam
2023-05-04 17:34:22,563 - proceso - DEBUG - Inicia el entrenamiento del modelo
2023-05-04 17:34:22,563 - proceso - DEBUG - Inicia el entrenamiento del modelo
2023-05-04 17:34:22,563 - proceso - DEBUG - Inicia el entrenamiento del modelo
2023-05-04 17:34:22,563 - proceso - DEBUG - Inicia el entrenamiento del modelo
2023-05-04 17:34:22,563 - proceso - DEBUG - Inicia el entrenamiento del modelo
2023-05-04 17:34:22,563 - proceso - DEBUG - Inicia el entrenamiento del modelo
2023-05-04 17:34:22,563 - proceso - DEBUG - Inicia el entrenamiento del modelo
2023-05-04 17:34:22,563 - proceso - DEBUG - Inicia el entrenamiento del modelo
2023-05-04 17:34:22,563 - proceso - DEBUG - Inicia el entrenamiento del modelo
2023-05-04 17:34:22,563 - proceso - DEBUG - Inicia el entrenamiento del modelo
2023-05-04 17:34:22,563 - proceso - DEBUG - Inicia el entrenamiento del modelo
2023-05-04 17:34:22,563 - proceso - DEBUG - Inicia el entrenamiento del modelo
2023-05-04 17:34:22,574 - proceso - ERROR - El modelo utilizado no es valido, es tipo: <class 'keras.engine.sequential.Sequential'>
2023-05-04 17:34:22,574 - proceso - ERROR - El modelo utilizado no es valido, es tipo: <class 'keras.engine.sequential.Sequential'>
2023-05-04 17:34:22,574 - proceso - ERROR - El modelo utilizado no es valido, es tipo: <class 'keras.engine.sequential.Sequential'>
2023-05-04 17:34:22,574 - proceso - ERROR - El modelo utilizado no es valido, es tipo: <class 'keras.engine.sequential.Sequential'>
2023-05-04 17:34:22,574 - proceso - ERROR - El modelo utilizado no es valido, es tipo: <class 'keras.engine.sequential.Sequential'>
2023-05-04 17:34:22,574 - proceso - ERROR - El modelo utilizado no es valido, es tipo: <class 'keras.engine.sequential.Sequential'>
2023-05-04 17:34:22,574 - proceso - ERROR - El modelo utilizado no es valido, es tipo: <class 'keras.engine.sequential.Sequential'>
2023-05-04 17:34:22,574 - proceso - ERROR - El modelo utilizado no es valido, es tipo: <class 'keras.engine.sequential.Sequential'>
2023-05-04 17:34:22,574 - proceso - ERROR - El modelo utilizado no es valido, es tipo: <class 'keras.engine.sequential.Sequential'>
2023-05-04 17:34:22,574 - proceso - ERROR - El modelo utilizado no es valido, es tipo: <class 'keras.engine.sequential.Sequential'>
2023-05-04 17:34:22,574 - proceso - ERROR - El modelo utilizado no es valido, es tipo: <class 'keras.engine.sequential.Sequential'>
2023-05-04 17:34:22,574 - proceso - ERROR - El modelo utilizado no es valido, es tipo: <class 'keras.engine.sequential.Sequential'>
2023-05-04 17:50:32,070 - proceso - DEBUG - Se genero batch de archivos
2023-05-04 17:50:32,070 - proceso - DEBUG - Se genero batch de archivos
2023-05-04 17:50:35,245 - proceso - DEBUG - base_model creado - base_model.trainable=False
2023-05-04 17:50:35,245 - proceso - DEBUG - base_model creado - base_model.trainable=False
2023-05-04 17:50:36,018 - proceso - DEBUG - Modelo generado - optimizer adam
2023-05-04 17:50:36,018 - proceso - DEBUG - Modelo generado - optimizer adam
2023-05-04 17:50:36,095 - proceso - DEBUG - Inicia el entrenamiento del modelo
2023-05-04 17:50:36,095 - proceso - DEBUG - Inicia el entrenamiento del modelo
2023-05-04 17:50:36,095 - proceso - DEBUG - Inicia el entrenamiento del modelo
2023-05-04 18:00:26,440 - proceso - DEBUG - Se genero batch de archivos
2023-05-04 18:00:26,440 - proceso - DEBUG - Se genero batch de archivos
2023-05-04 18:00:28,905 - proceso - DEBUG - base_model creado - base_model.trainable=False
2023-05-04 18:00:28,905 - proceso - DEBUG - base_model creado - base_model.trainable=False
2023-05-04 18:00:29,467 - proceso - DEBUG - Modelo generado - optimizer adam
2023-05-04 18:00:29,467 - proceso - DEBUG - Modelo generado - optimizer adam
2023-05-04 18:00:29,552 - proceso - DEBUG - Inicia el entrenamiento del modelo
2023-05-04 18:00:29,552 - proceso - DEBUG - Inicia el entrenamiento del modelo
2023-05-04 18:00:29,552 - proceso - DEBUG - Inicia el entrenamiento del modelo
2023-05-04 18:19:29,145 - proceso - DEBUG - Se genero batch de archivos
2023-05-04 18:19:29,145 - proceso - DEBUG - Se genero batch de archivos
2023-05-04 18:19:31,743 - proceso - DEBUG - base_model creado - base_model.trainable=False
2023-05-04 18:19:31,743 - proceso - DEBUG - base_model creado - base_model.trainable=False
2023-05-04 18:19:32,286 - proceso - DEBUG - Modelo generado - optimizer adam
2023-05-04 18:19:32,286 - proceso - DEBUG - Modelo generado - optimizer adam
2023-05-04 18:19:32,648 - proceso - DEBUG - Inicia el entrenamiento del modelo
2023-05-04 18:19:32,648 - proceso - DEBUG - Inicia el entrenamiento del modelo
2023-05-04 18:19:32,648 - proceso - DEBUG - Inicia el entrenamiento del modelo
2023-05-04 18:32:23,863 - proceso - DEBUG - Termina el entrenamiento del modelo
2023-05-04 18:32:23,863 - proceso - DEBUG - Termina el entrenamiento del modelo
2023-05-04 18:32:23,863 - proceso - DEBUG - Termina el entrenamiento del modelo
2023-05-04 18:32:23,864 - proceso - DEBUG - Inicia proceso de medicion del modelo
2023-05-04 18:32:23,864 - proceso - DEBUG - Inicia proceso de medicion del modelo
2023-05-04 18:32:23,864 - proceso - DEBUG - Inicia proceso de medicion del modelo
2023-05-04 19:48:47,565 - proceso - DEBUG - Se genero batch de archivos
2023-05-04 19:48:47,565 - proceso - DEBUG - Se genero batch de archivos
2023-05-04 19:48:50,858 - proceso - DEBUG - base_model creado - base_model.trainable=False
2023-05-04 19:48:50,858 - proceso - DEBUG - base_model creado - base_model.trainable=False
2023-05-04 19:48:51,481 - proceso - DEBUG - Modelo generado - optimizer adam
2023-05-04 19:48:51,481 - proceso - DEBUG - Modelo generado - optimizer adam
2023-05-04 19:48:51,827 - proceso - DEBUG - Inicia el entrenamiento del modelo
2023-05-04 19:48:51,827 - proceso - DEBUG - Inicia el entrenamiento del modelo
2023-05-04 19:48:51,827 - proceso - DEBUG - Inicia el entrenamiento del modelo
2023-05-04 19:48:51,828 - proceso - ERROR - El modelo utilizado no es valido, es tipo: <class 'keras.engine.sequential.Sequential'>
2023-05-04 19:48:51,828 - proceso - ERROR - El modelo utilizado no es valido, es tipo: <class 'keras.engine.sequential.Sequential'>
2023-05-04 19:48:51,828 - proceso - ERROR - El modelo utilizado no es valido, es tipo: <class 'keras.engine.sequential.Sequential'>
2023-05-04 19:54:59,708 - proceso - DEBUG - Se genero batch de archivos
2023-05-04 19:54:59,708 - proceso - DEBUG - Se genero batch de archivos
2023-05-04 19:55:01,946 - proceso - DEBUG - base_model creado - base_model.trainable=False
2023-05-04 19:55:01,946 - proceso - DEBUG - base_model creado - base_model.trainable=False
2023-05-04 19:55:02,651 - proceso - DEBUG - Modelo generado - optimizer adam
2023-05-04 19:55:02,651 - proceso - DEBUG - Modelo generado - optimizer adam
2023-05-04 19:55:03,425 - proceso - DEBUG - Inicia el entrenamiento del modelo
2023-05-04 19:55:03,425 - proceso - DEBUG - Inicia el entrenamiento del modelo
2023-05-04 19:55:03,425 - proceso - DEBUG - Inicia el entrenamiento del modelo
2023-05-04 20:02:36,183 - proceso - DEBUG - Se genero batch de archivos
2023-05-04 20:02:36,183 - proceso - DEBUG - Se genero batch de archivos
2023-05-04 20:02:38,598 - proceso - DEBUG - base_model creado - base_model.trainable=False
2023-05-04 20:02:38,598 - proceso - DEBUG - base_model creado - base_model.trainable=False
2023-05-04 20:02:39,369 - proceso - DEBUG - Modelo generado - optimizer adam
2023-05-04 20:02:39,369 - proceso - DEBUG - Modelo generado - optimizer adam
2023-05-04 20:02:40,138 - proceso - DEBUG - Inicia el entrenamiento del modelo
2023-05-04 20:02:40,138 - proceso - DEBUG - Inicia el entrenamiento del modelo
2023-05-04 20:02:40,138 - proceso - DEBUG - Inicia el entrenamiento del modelo
2023-05-05 12:29:01,609 - proceso - DEBUG - Se genero batch de archivos
2023-05-05 12:29:01,609 - proceso - DEBUG - Se genero batch de archivos
2023-05-05 12:29:05,282 - proceso - DEBUG - base_model creado - base_model.trainable=False
2023-05-05 12:29:05,282 - proceso - DEBUG - base_model creado - base_model.trainable=False
2023-05-05 12:29:05,833 - proceso - DEBUG - Modelo generado - optimizer adam
2023-05-05 12:29:05,833 - proceso - DEBUG - Modelo generado - optimizer adam
2023-05-05 12:29:06,387 - proceso - DEBUG - Inicia el entrenamiento del modelo
2023-05-05 12:29:06,387 - proceso - DEBUG - Inicia el entrenamiento del modelo
2023-05-05 12:29:06,387 - proceso - DEBUG - Inicia el entrenamiento del modelo
2023-05-05 12:41:18,059 - proceso - DEBUG - Termina el entrenamiento del modelo
2023-05-05 12:41:18,059 - proceso - DEBUG - Termina el entrenamiento del modelo
2023-05-05 12:41:18,059 - proceso - DEBUG - Termina el entrenamiento del modelo
2023-05-05 12:41:18,061 - proceso - DEBUG - Inicia proceso de medicion del modelo
2023-05-05 12:41:18,061 - proceso - DEBUG - Inicia proceso de medicion del modelo
2023-05-05 12:41:18,061 - proceso - DEBUG - Inicia proceso de medicion del modelo
2023-05-05 12:41:18,427 - proceso - ERROR - El modelo utilizado no es valido, es tipo: <class 'keras.engine.sequential.Sequential'>
2023-05-05 12:41:18,427 - proceso - ERROR - El modelo utilizado no es valido, es tipo: <class 'keras.engine.sequential.Sequential'>
2023-05-05 12:41:18,427 - proceso - ERROR - El modelo utilizado no es valido, es tipo: <class 'keras.engine.sequential.Sequential'>
2023-05-05 12:41:18,427 - proceso - ERROR - El modelo utilizado no es valido, es tipo: <class 'keras.engine.sequential.Sequential'>
2023-05-05 12:57:49,565 - proceso - DEBUG - Se genero batch de archivos
2023-05-05 12:57:49,565 - proceso - DEBUG - Se genero batch de archivos
2023-05-05 12:57:51,893 - proceso - DEBUG - base_model creado - base_model.trainable=False
2023-05-05 12:57:51,893 - proceso - DEBUG - base_model creado - base_model.trainable=False
2023-05-05 12:57:52,535 - proceso - DEBUG - Modelo generado - optimizer adam
2023-05-05 12:57:52,535 - proceso - DEBUG - Modelo generado - optimizer adam
2023-05-05 12:57:53,302 - proceso - DEBUG - Inicia el entrenamiento del modelo
2023-05-05 12:57:53,302 - proceso - DEBUG - Inicia el entrenamiento del modelo
2023-05-05 12:57:53,302 - proceso - DEBUG - Inicia el entrenamiento del modelo
2023-05-05 13:08:24,382 - proceso - DEBUG - Termina el entrenamiento del modelo
2023-05-05 13:08:24,382 - proceso - DEBUG - Termina el entrenamiento del modelo
2023-05-05 13:08:24,382 - proceso - DEBUG - Termina el entrenamiento del modelo
2023-05-05 13:08:24,383 - proceso - DEBUG - Inicia proceso de medicion del modelo
2023-05-05 13:08:24,383 - proceso - DEBUG - Inicia proceso de medicion del modelo
2023-05-05 13:08:24,383 - proceso - DEBUG - Inicia proceso de medicion del modelo
2023-05-05 13:28:19,166 - proceso - DEBUG - Se genero batch de archivos
2023-05-05 13:28:19,166 - proceso - DEBUG - Se genero batch de archivos
2023-05-05 13:28:21,204 - proceso - DEBUG - base_model creado - base_model.trainable=False
2023-05-05 13:28:21,204 - proceso - DEBUG - base_model creado - base_model.trainable=False
2023-05-05 13:28:21,697 - proceso - DEBUG - Modelo generado - optimizer adam
2023-05-05 13:28:21,697 - proceso - DEBUG - Modelo generado - optimizer adam
2023-05-05 13:28:22,200 - proceso - DEBUG - Inicia el entrenamiento del modelo
2023-05-05 13:28:22,200 - proceso - DEBUG - Inicia el entrenamiento del modelo
2023-05-05 13:28:22,200 - proceso - DEBUG - Inicia el entrenamiento del modelo
2023-05-05 13:39:20,394 - proceso - DEBUG - Termina el entrenamiento del modelo
2023-05-05 13:39:20,394 - proceso - DEBUG - Termina el entrenamiento del modelo
2023-05-05 13:39:20,394 - proceso - DEBUG - Termina el entrenamiento del modelo
2023-05-05 13:39:20,397 - proceso - DEBUG - Inicia proceso de medicion del modelo
2023-05-05 13:39:20,397 - proceso - DEBUG - Inicia proceso de medicion del modelo
2023-05-05 13:39:20,397 - proceso - DEBUG - Inicia proceso de medicion del modelo
2023-05-06 21:14:34,461 - proceso - DEBUG - Se genero batch de archivos
2023-05-06 21:14:34,461 - proceso - DEBUG - Se genero batch de archivos
2023-05-06 21:14:53,141 - proceso - DEBUG - base_model creado - base_model.trainable=False
2023-05-06 21:14:53,141 - proceso - DEBUG - base_model creado - base_model.trainable=False
2023-05-06 21:14:54,307 - proceso - DEBUG - Modelo generado - optimizer adam
2023-05-06 21:14:54,307 - proceso - DEBUG - Modelo generado - optimizer adam
2023-05-06 21:14:54,392 - proceso - DEBUG - Inicia el entrenamiento del modelo
2023-05-06 21:14:54,392 - proceso - DEBUG - Inicia el entrenamiento del modelo
2023-05-06 21:14:54,392 - proceso - DEBUG - Inicia el entrenamiento del modelo
2023-05-06 21:21:33,533 - proceso - DEBUG - Termina el entrenamiento del modelo
2023-05-06 21:21:33,533 - proceso - DEBUG - Termina el entrenamiento del modelo
2023-05-06 21:21:33,533 - proceso - DEBUG - Termina el entrenamiento del modelo
2023-05-06 21:21:33,533 - proceso - DEBUG - Inicia proceso de medicion del modelo
2023-05-06 21:21:33,533 - proceso - DEBUG - Inicia proceso de medicion del modelo
2023-05-06 21:21:33,533 - proceso - DEBUG - Inicia proceso de medicion del modelo
2023-05-06 21:35:17,192 - proceso - DEBUG - Se genero batch de archivos
2023-05-06 21:35:17,192 - proceso - DEBUG - Se genero batch de archivos
2023-05-06 21:35:20,414 - proceso - DEBUG - base_model creado - base_model.trainable=False
2023-05-06 21:35:20,414 - proceso - DEBUG - base_model creado - base_model.trainable=False
2023-05-06 21:35:21,444 - proceso - DEBUG - Modelo generado - optimizer adam
2023-05-06 21:35:21,444 - proceso - DEBUG - Modelo generado - optimizer adam
2023-05-06 21:35:21,496 - proceso - DEBUG - Inicia el entrenamiento del modelo
2023-05-06 21:35:21,496 - proceso - DEBUG - Inicia el entrenamiento del modelo
2023-05-06 21:35:21,496 - proceso - DEBUG - Inicia el entrenamiento del modelo
2023-05-06 21:41:53,368 - proceso - DEBUG - Termina el entrenamiento del modelo
2023-05-06 21:41:53,368 - proceso - DEBUG - Termina el entrenamiento del modelo
2023-05-06 21:41:53,368 - proceso - DEBUG - Termina el entrenamiento del modelo
2023-05-06 21:41:53,369 - proceso - DEBUG - Inicia proceso de medicion del modelo
2023-05-06 21:41:53,369 - proceso - DEBUG - Inicia proceso de medicion del modelo
2023-05-06 21:41:53,369 - proceso - DEBUG - Inicia proceso de medicion del modelo
2023-05-07 08:59:05,425 - proceso - DEBUG - Se genero batch de archivos
2023-05-07 08:59:05,425 - proceso - DEBUG - Se genero batch de archivos
2023-05-07 08:59:09,029 - proceso - DEBUG - base_model creado - base_model.trainable=False
2023-05-07 08:59:09,029 - proceso - DEBUG - base_model creado - base_model.trainable=False
2023-05-07 08:59:10,318 - proceso - DEBUG - Modelo generado - optimizer adam
2023-05-07 08:59:10,318 - proceso - DEBUG - Modelo generado - optimizer adam
2023-05-07 08:59:10,388 - proceso - DEBUG - Inicia el entrenamiento del modelo
2023-05-07 08:59:10,388 - proceso - DEBUG - Inicia el entrenamiento del modelo
2023-05-07 08:59:10,388 - proceso - DEBUG - Inicia el entrenamiento del modelo
2023-05-07 09:16:15,054 - proceso - DEBUG - Se genero batch de archivos
2023-05-07 09:16:15,054 - proceso - DEBUG - Se genero batch de archivos
2023-05-07 09:16:18,295 - proceso - DEBUG - base_model creado - base_model.trainable=False
2023-05-07 09:16:18,295 - proceso - DEBUG - base_model creado - base_model.trainable=False
2023-05-07 09:16:19,326 - proceso - DEBUG - Modelo generado - optimizer adam
2023-05-07 09:16:19,326 - proceso - DEBUG - Modelo generado - optimizer adam
2023-05-07 09:16:19,412 - proceso - DEBUG - Inicia el entrenamiento del modelo
2023-05-07 09:16:19,412 - proceso - DEBUG - Inicia el entrenamiento del modelo
2023-05-07 09:16:19,412 - proceso - DEBUG - Inicia el entrenamiento del modelo
2023-05-07 09:22:48,092 - proceso - DEBUG - Termina el entrenamiento del modelo
2023-05-07 09:22:48,092 - proceso - DEBUG - Termina el entrenamiento del modelo
2023-05-07 09:22:48,092 - proceso - DEBUG - Termina el entrenamiento del modelo
2023-05-07 09:22:48,092 - proceso - DEBUG - Inicia proceso de medicion del modelo
2023-05-07 09:22:48,092 - proceso - DEBUG - Inicia proceso de medicion del modelo
2023-05-07 09:22:48,092 - proceso - DEBUG - Inicia proceso de medicion del modelo
2023-05-07 10:40:38,247 - proceso - DEBUG - Se genero batch de archivos
2023-05-07 10:40:38,247 - proceso - DEBUG - Se genero batch de archivos
2023-05-07 10:40:41,752 - proceso - DEBUG - base_model creado - base_model.trainable=False
2023-05-07 10:40:41,752 - proceso - DEBUG - base_model creado - base_model.trainable=False
2023-05-07 10:40:42,868 - proceso - DEBUG - Modelo generado - optimizer adam
2023-05-07 10:40:42,868 - proceso - DEBUG - Modelo generado - optimizer adam
2023-05-07 10:40:42,967 - proceso - DEBUG - Inicia el entrenamiento del modelo
2023-05-07 10:40:42,967 - proceso - DEBUG - Inicia el entrenamiento del modelo
2023-05-07 10:40:42,967 - proceso - DEBUG - Inicia el entrenamiento del modelo
2023-05-07 10:47:31,653 - proceso - DEBUG - Termina el entrenamiento del modelo
2023-05-07 10:47:31,653 - proceso - DEBUG - Termina el entrenamiento del modelo
2023-05-07 10:47:31,653 - proceso - DEBUG - Termina el entrenamiento del modelo
2023-05-07 10:47:31,653 - proceso - DEBUG - Inicia proceso de medicion del modelo
2023-05-07 10:47:31,653 - proceso - DEBUG - Inicia proceso de medicion del modelo
2023-05-07 10:47:31,653 - proceso - DEBUG - Inicia proceso de medicion del modelo
2023-05-07 10:52:00,003 - proceso - INFO - Se escribio el backup del modelo en: Modelos/modelo_2023-05-07105103
2023-05-07 10:52:00,003 - proceso - INFO - Se escribio el backup del modelo en: Modelos/modelo_2023-05-07105103
2023-05-07 10:52:00,003 - proceso - INFO - Se escribio el backup del modelo en: Modelos/modelo_2023-05-07105103
2023-05-07 10:52:00,003 - proceso - INFO - Se escribio el backup del modelo en: Modelos/modelo_2023-05-07105103
2023-05-07 10:52:00,003 - proceso - INFO - Se escribio el backup del modelo en: Modelos/modelo_2023-05-07105103
2023-05-07 10:52:00,003 - proceso - INFO - Se escribio el backup del modelo en: Modelos/modelo_2023-05-07105103
2023-05-07 11:05:19,779 - proceso - DEBUG - Se genero batch de archivos
2023-05-07 11:05:19,779 - proceso - DEBUG - Se genero batch de archivos
2023-05-07 11:05:23,106 - proceso - DEBUG - base_model creado - base_model.trainable=False
2023-05-07 11:05:23,106 - proceso - DEBUG - base_model creado - base_model.trainable=False
2023-05-07 11:05:24,154 - proceso - DEBUG - Modelo generado - optimizer adam
2023-05-07 11:05:24,154 - proceso - DEBUG - Modelo generado - optimizer adam
2023-05-07 11:05:24,204 - proceso - DEBUG - Inicia el entrenamiento del modelo
2023-05-07 11:05:24,204 - proceso - DEBUG - Inicia el entrenamiento del modelo
2023-05-07 11:05:24,204 - proceso - DEBUG - Inicia el entrenamiento del modelo
2023-05-07 11:12:35,560 - proceso - DEBUG - Termina el entrenamiento del modelo
2023-05-07 11:12:35,560 - proceso - DEBUG - Termina el entrenamiento del modelo
2023-05-07 11:12:35,560 - proceso - DEBUG - Termina el entrenamiento del modelo
2023-05-07 11:12:35,561 - proceso - DEBUG - Inicia proceso de medicion del modelo
2023-05-07 11:12:35,561 - proceso - DEBUG - Inicia proceso de medicion del modelo
2023-05-07 11:12:35,561 - proceso - DEBUG - Inicia proceso de medicion del modelo
2023-05-07 11:27:00,643 - proceso - INFO - Se escribio el backup del modelo en: Modelos/modelo_2023-05-07112603
2023-05-07 11:27:00,643 - proceso - INFO - Se escribio el backup del modelo en: Modelos/modelo_2023-05-07112603
2023-05-07 11:27:00,643 - proceso - INFO - Se escribio el backup del modelo en: Modelos/modelo_2023-05-07112603
2023-05-07 11:27:00,643 - proceso - INFO - Se escribio el backup del modelo en: Modelos/modelo_2023-05-07112603
2023-05-07 11:27:00,643 - proceso - INFO - Se escribio el backup del modelo en: Modelos/modelo_2023-05-07112603
2023-05-07 11:27:00,643 - proceso - INFO - Se escribio el backup del modelo en: Modelos/modelo_2023-05-07112603
2023-05-07 11:35:28,933 - proceso - ERROR - El modelo utilizado no es valido, es tipo: <class 'str'>
2023-05-20 17:46:01,201 - proceso - DEBUG - Se genero batch de archivos
2023-05-20 17:46:01,201 - proceso - DEBUG - Se genero batch de archivos
2023-05-20 17:46:04,805 - proceso - DEBUG - base_model creado - base_model.trainable=False
2023-05-20 17:46:04,805 - proceso - DEBUG - base_model creado - base_model.trainable=False
2023-05-20 17:46:05,859 - proceso - DEBUG - Modelo generado - optimizer adam
2023-05-20 17:46:05,859 - proceso - DEBUG - Modelo generado - optimizer adam
2023-05-20 17:46:05,910 - proceso - DEBUG - Inicia el entrenamiento del modelo
2023-05-20 17:46:05,910 - proceso - DEBUG - Inicia el entrenamiento del modelo
2023-05-20 17:46:05,910 - proceso - DEBUG - Inicia el entrenamiento del modelo
2023-05-20 17:46:05,915 - proceso - ERROR - El modelo no se pudo entrenar correctamente Asked to retrieve element 0, but the Sequence has length 0
2023-05-20 17:46:05,915 - proceso - ERROR - El modelo no se pudo entrenar correctamente Asked to retrieve element 0, but the Sequence has length 0
2023-05-20 17:46:05,915 - proceso - ERROR - El modelo no se pudo entrenar correctamente Asked to retrieve element 0, but the Sequence has length 0
2023-05-20 17:49:43,337 - proceso - DEBUG - Se genero batch de archivos
2023-05-20 17:49:43,337 - proceso - DEBUG - Se genero batch de archivos
2023-05-20 17:49:46,512 - proceso - DEBUG - base_model creado - base_model.trainable=False
2023-05-20 17:49:46,512 - proceso - DEBUG - base_model creado - base_model.trainable=False
2023-05-20 17:49:47,595 - proceso - DEBUG - Modelo generado - optimizer adam
2023-05-20 17:49:47,595 - proceso - DEBUG - Modelo generado - optimizer adam
2023-05-20 17:49:47,666 - proceso - DEBUG - Inicia el entrenamiento del modelo
2023-05-20 17:49:47,666 - proceso - DEBUG - Inicia el entrenamiento del modelo
2023-05-20 17:49:47,666 - proceso - DEBUG - Inicia el entrenamiento del modelo
2023-05-20 17:57:14,623 - proceso - DEBUG - Termina el entrenamiento del modelo
2023-05-20 17:57:14,623 - proceso - DEBUG - Termina el entrenamiento del modelo
2023-05-20 17:57:14,623 - proceso - DEBUG - Termina el entrenamiento del modelo
2023-05-20 17:57:14,624 - proceso - DEBUG - Inicia proceso de medicion del modelo
2023-05-20 17:57:14,624 - proceso - DEBUG - Inicia proceso de medicion del modelo
2023-05-20 17:57:14,624 - proceso - DEBUG - Inicia proceso de medicion del modelo
2023-05-20 18:00:14,657 - proceso - INFO - Se escribio el backup del modelo en: Modelos/modelo_2023-05-20175924
2023-05-20 18:00:14,657 - proceso - INFO - Se escribio el backup del modelo en: Modelos/modelo_2023-05-20175924
2023-05-20 18:00:14,657 - proceso - INFO - Se escribio el backup del modelo en: Modelos/modelo_2023-05-20175924
2023-05-20 18:00:14,657 - proceso - INFO - Se escribio el backup del modelo en: Modelos/modelo_2023-05-20175924
2023-05-20 18:00:14,657 - proceso - INFO - Se escribio el backup del modelo en: Modelos/modelo_2023-05-20175924
2023-05-20 18:00:14,657 - proceso - INFO - Se escribio el backup del modelo en: Modelos/modelo_2023-05-20175924
2023-05-20 18:14:53,564 - proceso - DEBUG - Se genero batch de archivos
2023-05-20 18:14:53,564 - proceso - DEBUG - Se genero batch de archivos
2023-05-20 18:14:56,951 - proceso - DEBUG - base_model creado - base_model.trainable=False
2023-05-20 18:14:56,951 - proceso - DEBUG - base_model creado - base_model.trainable=False
2023-05-20 18:14:58,142 - proceso - DEBUG - Modelo generado - optimizer adam
2023-05-20 18:14:58,142 - proceso - DEBUG - Modelo generado - optimizer adam
2023-05-20 18:14:58,243 - proceso - DEBUG - Inicia el entrenamiento del modelo
2023-05-20 18:14:58,243 - proceso - DEBUG - Inicia el entrenamiento del modelo
2023-05-20 18:14:58,243 - proceso - DEBUG - Inicia el entrenamiento del modelo
2023-05-20 18:22:33,430 - proceso - DEBUG - Termina el entrenamiento del modelo
2023-05-20 18:22:33,430 - proceso - DEBUG - Termina el entrenamiento del modelo
2023-05-20 18:22:33,430 - proceso - DEBUG - Termina el entrenamiento del modelo
2023-05-20 18:22:33,431 - proceso - DEBUG - Inicia proceso de medicion del modelo
2023-05-20 18:22:33,431 - proceso - DEBUG - Inicia proceso de medicion del modelo
2023-05-20 18:22:33,431 - proceso - DEBUG - Inicia proceso de medicion del modelo
2023-05-20 18:30:44,751 - proceso - DEBUG - Se genero batch de archivos
2023-05-20 18:30:44,751 - proceso - DEBUG - Se genero batch de archivos
2023-05-20 18:30:48,109 - proceso - DEBUG - base_model creado - base_model.trainable=False
2023-05-20 18:30:48,109 - proceso - DEBUG - base_model creado - base_model.trainable=False
2023-05-20 18:30:49,218 - proceso - DEBUG - Modelo generado - optimizer adam
2023-05-20 18:30:49,218 - proceso - DEBUG - Modelo generado - optimizer adam
2023-05-20 18:30:49,290 - proceso - DEBUG - Inicia el entrenamiento del modelo
2023-05-20 18:30:49,290 - proceso - DEBUG - Inicia el entrenamiento del modelo
2023-05-20 18:30:49,290 - proceso - DEBUG - Inicia el entrenamiento del modelo
2023-05-20 18:38:25,441 - proceso - DEBUG - Termina el entrenamiento del modelo
2023-05-20 18:38:25,441 - proceso - DEBUG - Termina el entrenamiento del modelo
2023-05-20 18:38:25,441 - proceso - DEBUG - Termina el entrenamiento del modelo
2023-05-20 18:38:25,442 - proceso - DEBUG - Inicia proceso de medicion del modelo
2023-05-20 18:38:25,442 - proceso - DEBUG - Inicia proceso de medicion del modelo
2023-05-20 18:38:25,442 - proceso - DEBUG - Inicia proceso de medicion del modelo
2023-05-20 19:05:14,869 - proceso - INFO - Se escribio el backup del modelo en: Modelos/modelo_2023-05-20190424
2023-05-20 19:05:14,869 - proceso - INFO - Se escribio el backup del modelo en: Modelos/modelo_2023-05-20190424
2023-05-20 19:05:14,869 - proceso - INFO - Se escribio el backup del modelo en: Modelos/modelo_2023-05-20190424
2023-05-20 19:05:14,869 - proceso - INFO - Se escribio el backup del modelo en: Modelos/modelo_2023-05-20190424
2023-05-20 19:05:14,869 - proceso - INFO - Se escribio el backup del modelo en: Modelos/modelo_2023-05-20190424
2023-05-20 19:05:14,869 - proceso - INFO - Se escribio el backup del modelo en: Modelos/modelo_2023-05-20190424
2023-05-20 19:15:59,599 - proceso - DEBUG - Se genero batch de archivos
2023-05-20 19:15:59,599 - proceso - DEBUG - Se genero batch de archivos
2023-05-20 19:16:03,061 - proceso - DEBUG - base_model creado - base_model.trainable=False
2023-05-20 19:16:03,061 - proceso - DEBUG - base_model creado - base_model.trainable=False
2023-05-20 19:16:04,249 - proceso - DEBUG - Modelo generado - optimizer adam
2023-05-20 19:16:04,249 - proceso - DEBUG - Modelo generado - optimizer adam
2023-05-20 19:16:04,328 - proceso - DEBUG - Inicia el entrenamiento del modelo
2023-05-20 19:16:04,328 - proceso - DEBUG - Inicia el entrenamiento del modelo
2023-05-20 19:16:04,328 - proceso - DEBUG - Inicia el entrenamiento del modelo
2023-05-20 19:23:50,393 - proceso - DEBUG - Termina el entrenamiento del modelo
2023-05-20 19:23:50,393 - proceso - DEBUG - Termina el entrenamiento del modelo
2023-05-20 19:23:50,393 - proceso - DEBUG - Termina el entrenamiento del modelo
2023-05-20 19:23:50,393 - proceso - DEBUG - Inicia proceso de medicion del modelo
2023-05-20 19:23:50,393 - proceso - DEBUG - Inicia proceso de medicion del modelo
2023-05-20 19:23:50,393 - proceso - DEBUG - Inicia proceso de medicion del modelo
2023-05-20 21:03:32,074 - proceso - INFO - Se escribio el backup del modelo en: Modelos/modelo_2023-05-20210236
2023-05-20 21:03:32,074 - proceso - INFO - Se escribio el backup del modelo en: Modelos/modelo_2023-05-20210236
2023-05-20 21:03:32,074 - proceso - INFO - Se escribio el backup del modelo en: Modelos/modelo_2023-05-20210236
2023-05-20 21:03:32,074 - proceso - INFO - Se escribio el backup del modelo en: Modelos/modelo_2023-05-20210236
2023-05-20 21:03:32,074 - proceso - INFO - Se escribio el backup del modelo en: Modelos/modelo_2023-05-20210236
2023-05-20 21:03:32,074 - proceso - INFO - Se escribio el backup del modelo en: Modelos/modelo_2023-05-20210236
2023-05-21 14:21:38,340 - proceso - DEBUG - Se genero batch de archivos
2023-05-21 14:21:38,340 - proceso - DEBUG - Se genero batch de archivos
2023-05-21 14:21:41,788 - proceso - DEBUG - base_model creado - base_model.trainable=False
2023-05-21 14:21:41,788 - proceso - DEBUG - base_model creado - base_model.trainable=False
2023-05-21 14:21:42,983 - proceso - DEBUG - Modelo generado - optimizer adam
2023-05-21 14:21:42,983 - proceso - DEBUG - Modelo generado - optimizer adam
2023-05-21 14:21:43,065 - proceso - DEBUG - Inicia el entrenamiento del modelo
2023-05-21 14:21:43,065 - proceso - DEBUG - Inicia el entrenamiento del modelo
2023-05-21 14:21:43,065 - proceso - DEBUG - Inicia el entrenamiento del modelo
2023-05-21 14:29:22,010 - proceso - DEBUG - Termina el entrenamiento del modelo
2023-05-21 14:29:22,010 - proceso - DEBUG - Termina el entrenamiento del modelo
2023-05-21 14:29:22,010 - proceso - DEBUG - Termina el entrenamiento del modelo
2023-05-21 14:29:22,010 - proceso - DEBUG - Inicia proceso de medicion del modelo
2023-05-21 14:29:22,010 - proceso - DEBUG - Inicia proceso de medicion del modelo
2023-05-21 14:29:22,010 - proceso - DEBUG - Inicia proceso de medicion del modelo
2023-05-21 14:42:14,190 - proceso - ERROR - No se pudo crear el backup del modelo en: Modelos/modelo_2023-05-21144118
2023-05-21 14:42:14,190 - proceso - ERROR - No se pudo crear el backup del modelo en: Modelos/modelo_2023-05-21144118
2023-05-21 14:42:14,190 - proceso - ERROR - No se pudo crear el backup del modelo en: Modelos/modelo_2023-05-21144118
2023-05-21 14:42:14,190 - proceso - ERROR - No se pudo crear el backup del modelo en: Modelos/modelo_2023-05-21144118
2023-05-21 14:42:14,190 - proceso - ERROR - No se pudo crear el backup del modelo en: Modelos/modelo_2023-05-21144118
2023-05-21 14:42:14,190 - proceso - ERROR - No se pudo crear el backup del modelo en: Modelos/modelo_2023-05-21144118
2023-05-21 14:42:14,192 - proceso - ERROR - No se pudo crear el backup del modelo Error: name 'loss' is not defined
2023-05-21 14:42:14,192 - proceso - ERROR - No se pudo crear el backup del modelo Error: name 'loss' is not defined
2023-05-21 14:42:14,192 - proceso - ERROR - No se pudo crear el backup del modelo Error: name 'loss' is not defined
2023-05-21 14:42:14,192 - proceso - ERROR - No se pudo crear el backup del modelo Error: name 'loss' is not defined
2023-05-21 14:42:14,192 - proceso - ERROR - No se pudo crear el backup del modelo Error: name 'loss' is not defined
2023-05-21 14:42:14,192 - proceso - ERROR - No se pudo crear el backup del modelo Error: name 'loss' is not defined
2023-05-21 14:54:22,059 - proceso - DEBUG - Se genero batch de archivos
2023-05-21 14:54:22,059 - proceso - DEBUG - Se genero batch de archivos
2023-05-21 14:54:25,345 - proceso - DEBUG - base_model creado - base_model.trainable=False
2023-05-21 14:54:25,345 - proceso - DEBUG - base_model creado - base_model.trainable=False
2023-05-21 14:54:26,440 - proceso - DEBUG - Modelo generado - optimizer adam
2023-05-21 14:54:26,440 - proceso - DEBUG - Modelo generado - optimizer adam
2023-05-21 14:54:26,512 - proceso - DEBUG - Inicia el entrenamiento del modelo
2023-05-21 14:54:26,512 - proceso - DEBUG - Inicia el entrenamiento del modelo
2023-05-21 14:54:26,512 - proceso - DEBUG - Inicia el entrenamiento del modelo
2023-05-21 15:02:01,621 - proceso - DEBUG - Termina el entrenamiento del modelo
2023-05-21 15:02:01,621 - proceso - DEBUG - Termina el entrenamiento del modelo
2023-05-21 15:02:01,621 - proceso - DEBUG - Termina el entrenamiento del modelo
2023-05-21 15:02:01,622 - proceso - DEBUG - Inicia proceso de medicion del modelo
2023-05-21 15:02:01,622 - proceso - DEBUG - Inicia proceso de medicion del modelo
2023-05-21 15:02:01,622 - proceso - DEBUG - Inicia proceso de medicion del modelo
2023-05-21 15:05:14,308 - proceso - INFO - Se escribio el backup del modelo en: Modelos/modelo_2023-05-21150425
2023-05-21 15:05:14,308 - proceso - INFO - Se escribio el backup del modelo en: Modelos/modelo_2023-05-21150425
2023-05-21 15:05:14,308 - proceso - INFO - Se escribio el backup del modelo en: Modelos/modelo_2023-05-21150425
2023-05-21 15:05:14,308 - proceso - INFO - Se escribio el backup del modelo en: Modelos/modelo_2023-05-21150425
2023-05-21 15:05:14,308 - proceso - INFO - Se escribio el backup del modelo en: Modelos/modelo_2023-05-21150425
2023-05-21 15:05:14,308 - proceso - INFO - Se escribio el backup del modelo en: Modelos/modelo_2023-05-21150425
2023-05-30 19:58:28,856 - proceso - ERROR - TEST DE TESTING resultado
2023-05-30 19:58:40,084 - proceso - DEBUG - Se genero batch de archivos
2023-05-30 19:58:40,084 - proceso - DEBUG - Se genero batch de archivos
2023-05-30 19:58:40,084 - proceso - DEBUG - Se genero batch de archivos
2023-05-30 19:58:40,084 - proceso - DEBUG - Se genero batch de archivos
2023-05-30 19:58:44,943 - proceso - DEBUG - base_model creado - base_model.trainable=False
2023-05-30 19:58:44,943 - proceso - DEBUG - base_model creado - base_model.trainable=False
2023-05-30 19:58:44,943 - proceso - DEBUG - base_model creado - base_model.trainable=False
2023-05-30 19:58:44,943 - proceso - DEBUG - base_model creado - base_model.trainable=False
2023-05-30 21:41:56,402 - proceso - DEBUG - Se genero batch de archivos
2023-05-30 21:41:56,402 - proceso - DEBUG - Se genero batch de archivos
2023-05-30 21:41:59,572 - proceso - DEBUG - base_model creado - base_model.trainable=False
2023-05-30 21:41:59,572 - proceso - DEBUG - base_model creado - base_model.trainable=False
2023-05-30 21:42:00,544 - proceso - DEBUG - Modelo generado - optimizer adam
2023-05-30 21:42:00,544 - proceso - DEBUG - Modelo generado - optimizer adam
2023-05-30 21:43:37,020 - proceso - DEBUG - Se genero batch de archivos
2023-05-30 21:43:37,020 - proceso - DEBUG - Se genero batch de archivos
2023-05-30 21:43:40,151 - proceso - DEBUG - base_model creado - base_model.trainable=False
2023-05-30 21:43:40,151 - proceso - DEBUG - base_model creado - base_model.trainable=False
2023-05-30 21:43:41,113 - proceso - DEBUG - Modelo generado - optimizer adam
2023-05-30 21:43:41,113 - proceso - DEBUG - Modelo generado - optimizer adam
2023-05-30 21:43:41,185 - proceso - DEBUG - Inicia el entrenamiento del modelo
2023-05-30 21:43:41,185 - proceso - DEBUG - Inicia el entrenamiento del modelo
2023-05-30 21:43:41,185 - proceso - DEBUG - Inicia el entrenamiento del modelo
2023-05-30 22:06:28,538 - proceso - DEBUG - Termina el entrenamiento del modelo
2023-05-30 22:06:28,538 - proceso - DEBUG - Termina el entrenamiento del modelo
2023-05-30 22:06:28,538 - proceso - DEBUG - Termina el entrenamiento del modelo
2023-05-30 22:06:28,538 - proceso - DEBUG - Inicia proceso de medicion del modelo
2023-05-30 22:06:28,538 - proceso - DEBUG - Inicia proceso de medicion del modelo
2023-05-30 22:06:28,538 - proceso - DEBUG - Inicia proceso de medicion del modelo
2023-05-30 22:07:49,786 - proceso - ERROR - No se pudo crear el backup del modelo en: Modelos/modelo_2023-05-30220708
2023-05-30 22:07:49,786 - proceso - ERROR - No se pudo crear el backup del modelo en: Modelos/modelo_2023-05-30220708
2023-05-30 22:07:49,786 - proceso - ERROR - No se pudo crear el backup del modelo en: Modelos/modelo_2023-05-30220708
2023-05-30 22:07:49,786 - proceso - ERROR - No se pudo crear el backup del modelo en: Modelos/modelo_2023-05-30220708
2023-05-30 22:07:49,786 - proceso - ERROR - No se pudo crear el backup del modelo en: Modelos/modelo_2023-05-30220708
2023-05-30 22:07:49,786 - proceso - ERROR - No se pudo crear el backup del modelo en: Modelos/modelo_2023-05-30220708
2023-05-30 22:07:49,790 - proceso - ERROR - No se pudo crear el backup del modelo Error: [Errno 2] No such file or directory: '../Modelos/Modelos/modelo_2023-05-30220708.pkl'
2023-05-30 22:07:49,790 - proceso - ERROR - No se pudo crear el backup del modelo Error: [Errno 2] No such file or directory: '../Modelos/Modelos/modelo_2023-05-30220708.pkl'
2023-05-30 22:07:49,790 - proceso - ERROR - No se pudo crear el backup del modelo Error: [Errno 2] No such file or directory: '../Modelos/Modelos/modelo_2023-05-30220708.pkl'
2023-05-30 22:07:49,790 - proceso - ERROR - No se pudo crear el backup del modelo Error: [Errno 2] No such file or directory: '../Modelos/Modelos/modelo_2023-05-30220708.pkl'
2023-05-30 22:07:49,790 - proceso - ERROR - No se pudo crear el backup del modelo Error: [Errno 2] No such file or directory: '../Modelos/Modelos/modelo_2023-05-30220708.pkl'
2023-05-30 22:07:49,790 - proceso - ERROR - No se pudo crear el backup del modelo Error: [Errno 2] No such file or directory: '../Modelos/Modelos/modelo_2023-05-30220708.pkl'
2023-05-31 20:19:46,352 - proceso - DEBUG - Se genero batch de archivos
2023-05-31 20:19:46,352 - proceso - DEBUG - Se genero batch de archivos
2023-05-31 20:19:50,303 - proceso - DEBUG - base_model creado - base_model.trainable=False
2023-05-31 20:19:50,303 - proceso - DEBUG - base_model creado - base_model.trainable=False
2023-05-31 20:19:51,458 - proceso - DEBUG - Modelo generado - optimizer adam
2023-05-31 20:19:51,458 - proceso - DEBUG - Modelo generado - optimizer adam
2023-05-31 20:19:51,573 - proceso - DEBUG - Inicia el entrenamiento del modelo
2023-05-31 20:19:51,573 - proceso - DEBUG - Inicia el entrenamiento del modelo
2023-05-31 20:19:51,573 - proceso - DEBUG - Inicia el entrenamiento del modelo
2023-05-31 20:45:27,719 - proceso - DEBUG - Termina el entrenamiento del modelo
2023-05-31 20:45:27,719 - proceso - DEBUG - Termina el entrenamiento del modelo
2023-05-31 20:45:27,719 - proceso - DEBUG - Termina el entrenamiento del modelo
2023-05-31 20:45:27,720 - proceso - DEBUG - Inicia proceso de medicion del modelo
2023-05-31 20:45:27,720 - proceso - DEBUG - Inicia proceso de medicion del modelo
2023-05-31 20:45:27,720 - proceso - DEBUG - Inicia proceso de medicion del modelo
2023-05-31 20:46:58,132 - proceso - ERROR - No se pudo crear el backup del modelo en: Modelos/modelo_2023-05-31204611
2023-05-31 20:46:58,132 - proceso - ERROR - No se pudo crear el backup del modelo en: Modelos/modelo_2023-05-31204611
2023-05-31 20:46:58,132 - proceso - ERROR - No se pudo crear el backup del modelo en: Modelos/modelo_2023-05-31204611
2023-05-31 20:46:58,132 - proceso - ERROR - No se pudo crear el backup del modelo en: Modelos/modelo_2023-05-31204611
2023-05-31 20:46:58,132 - proceso - ERROR - No se pudo crear el backup del modelo en: Modelos/modelo_2023-05-31204611
2023-05-31 20:46:58,132 - proceso - ERROR - No se pudo crear el backup del modelo en: Modelos/modelo_2023-05-31204611
2023-05-31 20:46:58,133 - proceso - ERROR - No se pudo crear el backup del modelo Error: [Errno 2] No such file or directory: '../Modelos/modelo_2023-05-31204611.pkl'
2023-05-31 20:46:58,133 - proceso - ERROR - No se pudo crear el backup del modelo Error: [Errno 2] No such file or directory: '../Modelos/modelo_2023-05-31204611.pkl'
2023-05-31 20:46:58,133 - proceso - ERROR - No se pudo crear el backup del modelo Error: [Errno 2] No such file or directory: '../Modelos/modelo_2023-05-31204611.pkl'
2023-05-31 20:46:58,133 - proceso - ERROR - No se pudo crear el backup del modelo Error: [Errno 2] No such file or directory: '../Modelos/modelo_2023-05-31204611.pkl'
2023-05-31 20:46:58,133 - proceso - ERROR - No se pudo crear el backup del modelo Error: [Errno 2] No such file or directory: '../Modelos/modelo_2023-05-31204611.pkl'
2023-05-31 20:46:58,133 - proceso - ERROR - No se pudo crear el backup del modelo Error: [Errno 2] No such file or directory: '../Modelos/modelo_2023-05-31204611.pkl'
2023-05-31 21:00:35,864 - proceso - DEBUG - Se genero batch de archivos
2023-05-31 21:00:35,864 - proceso - DEBUG - Se genero batch de archivos
2023-05-31 21:00:39,179 - proceso - DEBUG - base_model creado - base_model.trainable=False
2023-05-31 21:00:39,179 - proceso - DEBUG - base_model creado - base_model.trainable=False
2023-05-31 21:00:40,143 - proceso - DEBUG - Modelo generado - optimizer adam
2023-05-31 21:00:40,143 - proceso - DEBUG - Modelo generado - optimizer adam
2023-05-31 21:00:40,213 - proceso - DEBUG - Inicia el entrenamiento del modelo
2023-05-31 21:00:40,213 - proceso - DEBUG - Inicia el entrenamiento del modelo
2023-05-31 21:00:40,213 - proceso - DEBUG - Inicia el entrenamiento del modelo
2023-05-31 21:24:15,812 - proceso - DEBUG - Termina el entrenamiento del modelo
2023-05-31 21:24:15,812 - proceso - DEBUG - Termina el entrenamiento del modelo
2023-05-31 21:24:15,812 - proceso - DEBUG - Termina el entrenamiento del modelo
2023-05-31 21:24:15,812 - proceso - DEBUG - Inicia proceso de medicion del modelo
2023-05-31 21:24:15,812 - proceso - DEBUG - Inicia proceso de medicion del modelo
2023-05-31 21:24:15,812 - proceso - DEBUG - Inicia proceso de medicion del modelo
2023-05-31 21:25:39,575 - proceso - INFO - Se escribio el backup del modelo en: Modelos/modelo_2023-05-31212457
2023-05-31 21:25:39,575 - proceso - INFO - Se escribio el backup del modelo en: Modelos/modelo_2023-05-31212457
2023-05-31 21:25:39,575 - proceso - INFO - Se escribio el backup del modelo en: Modelos/modelo_2023-05-31212457
2023-05-31 21:25:39,575 - proceso - INFO - Se escribio el backup del modelo en: Modelos/modelo_2023-05-31212457
2023-05-31 21:25:39,575 - proceso - INFO - Se escribio el backup del modelo en: Modelos/modelo_2023-05-31212457
2023-05-31 21:25:39,575 - proceso - INFO - Se escribio el backup del modelo en: Modelos/modelo_2023-05-31212457
2023-06-01 20:06:33,132 - proceso - DEBUG - Se genero batch de archivos
2023-06-01 20:06:33,132 - proceso - DEBUG - Se genero batch de archivos
2023-06-01 20:06:36,884 - proceso - DEBUG - base_model creado - base_model.trainable=False
2023-06-01 20:06:36,884 - proceso - DEBUG - base_model creado - base_model.trainable=False
2023-06-01 20:06:38,036 - proceso - DEBUG - Modelo generado - optimizer adam
2023-06-01 20:06:38,036 - proceso - DEBUG - Modelo generado - optimizer adam
2023-06-01 20:06:41,028 - proceso - DEBUG - Inicia el entrenamiento del modelo
2023-06-01 20:06:41,028 - proceso - DEBUG - Inicia el entrenamiento del modelo
2023-06-01 20:06:41,028 - proceso - DEBUG - Inicia el entrenamiento del modelo
2023-06-01 20:30:26,720 - proceso - DEBUG - Termina el entrenamiento del modelo
2023-06-01 20:30:26,720 - proceso - DEBUG - Termina el entrenamiento del modelo
2023-06-01 20:30:26,720 - proceso - DEBUG - Termina el entrenamiento del modelo
2023-06-01 20:30:26,720 - proceso - DEBUG - Inicia proceso de medicion del modelo
2023-06-01 20:30:26,720 - proceso - DEBUG - Inicia proceso de medicion del modelo
2023-06-01 20:30:26,720 - proceso - DEBUG - Inicia proceso de medicion del modelo
2023-06-01 20:31:49,094 - proceso - INFO - Se escribio el backup del modelo en: Modelos/modelo_2023-06-01203107
2023-06-01 20:31:49,094 - proceso - INFO - Se escribio el backup del modelo en: Modelos/modelo_2023-06-01203107
2023-06-01 20:31:49,094 - proceso - INFO - Se escribio el backup del modelo en: Modelos/modelo_2023-06-01203107
2023-06-01 20:31:49,094 - proceso - INFO - Se escribio el backup del modelo en: Modelos/modelo_2023-06-01203107
2023-06-01 20:31:49,094 - proceso - INFO - Se escribio el backup del modelo en: Modelos/modelo_2023-06-01203107
2023-06-01 20:31:49,094 - proceso - INFO - Se escribio el backup del modelo en: Modelos/modelo_2023-06-01203107
